#
# A fatal error has been detected by the Java Runtime Environment:
#
#  EXCEPTION_UNCAUGHT_CXX_EXCEPTION (0xe06d7363) at pc=0x75dbdf72, pid=5876, tid=0x0000212c
#
# JRE version: OpenJDK Runtime Environment (8.0_332-b08) (build 1.8.0_332-b08)
# Java VM: OpenJDK Server VM (25.332-b08 mixed mode windows-x86 )
# Problematic frame:
# C  [KERNELBASE.dll+0x12df72]
#
# Failed to write core dump. Minidumps are not enabled by default on client versions of Windows
#
# If you would like to submit a bug report, please visit:
#   https://github.com/corretto/corretto-8/issues/
# The crash happened outside the Java Virtual Machine in native code.
# See problematic frame for where to report the bug.
#

---------------  T H R E A D  ---------------

Current thread (0x41eee400):  JavaThread "pool-5-thread-1" [_thread_in_native, id=8492, stack(0x47650000,0x476a0000)]

siginfo: ExceptionCode=0xe06d7363, ExceptionInformation=0x19930520 0x4769f72f 0x6127f518 

Registers:
EAX=0x4769f670, EBX=0x00000000, ECX=0x00000003, EDX=0x00000000
ESP=0x4769f670, EBP=0x4769f6cc, ESI=0x6127f518, EDI=0x4769f72f
EIP=0x75dbdf72, EFLAGS=0x00000212

Top of Stack: (sp=0x4769f670)
0x4769f670:   e06d7363 00000001 00000000 75dbdf72
0x4769f680:   00000003 19930520 4769f72f 6127f518
0x4769f690:   f2a9e904 4769f6f4 612f8612 f2a9e954
0x4769f6a0:   41eee5a0 41eee400 f2a9e940 41eee5a0
0x4769f6b0:   41eee400 f2a9e94c 41eee5a0 41eee400
0x4769f6c0:   41517f90 53483613 41517f8c 4769f70c
0x4769f6d0:   61928a19 e06d7363 00000001 00000003
0x4769f6e0:   4769f700 41517f8c 41eee5a0 e06d7363 

Instructions: (pc=0x75dbdf72)
0x75dbdf52:   89 44 24 10 c1 e0 02 50 51 8d 44 24 1c 50 e8 9f
0x75dbdf62:   f3 00 00 83 c4 0c 8d 04 24 50 ff 15 10 34 e7 75
0x75dbdf72:   8b 4c 24 54 33 cc e8 23 4f 00 00 8b e5 5d c2 10
0x75dbdf82:   00 83 64 24 10 00 eb de 6a 0f 58 eb c3 cc cc cc 


Register to memory mapping:

EAX=0x4769f670 is pointing into the stack for thread: 0x41eee400
EBX=0x00000000 is an unknown value
ECX=0x00000003 is an unknown value
EDX=0x00000000 is an unknown value
ESP=0x4769f670 is pointing into the stack for thread: 0x41eee400
EBP=0x4769f6cc is pointing into the stack for thread: 0x41eee400
ESI=0x6127f518 is an unknown value
EDI=0x4769f72f is pointing into the stack for thread: 0x41eee400


Stack: [0x47650000,0x476a0000],  sp=0x4769f670,  free space=317k
Native frames: (J=compiled Java code, j=interpreted, Vv=VM code, C=native code)
C  [KERNELBASE.dll+0x12df72]
C  [msvcr120.dll+0x18a19]
C  [awt.dll+0xb4c56]
C  [awt.dll+0xae5f9]

Java frames: (J=compiled Java code, j=interpreted, Vv=VM code)
J 2265  sun.awt.Win32GraphicsConfig.getBounds(I)Ljava/awt/Rectangle; (0 bytes) @ 0x02887363 [0x02887320+0x43]
J 3633 C2 org.monte.screenrecorder.ScreenRecorder$MouseGrabber.run()V (31 bytes) @ 0x02d00524 [0x02d00260+0x2c4]
J 5342% C2 java.util.concurrent.ThreadPoolExecutor.runWorker(Ljava/util/concurrent/ThreadPoolExecutor$Worker;)V (225 bytes) @ 0x032ec46c [0x032ec1a0+0x2cc]
j  java.util.concurrent.ThreadPoolExecutor$Worker.run()V+5
j  java.lang.Thread.run()V+11
v  ~StubRoutines::call_stub

---------------  P R O C E S S  ---------------

Java Threads: ( => current thread )
  0x40a13400 JavaThread "pool-38-thread-1" [_thread_blocked, id=6364, stack(0x4a910000,0x4a960000)]
  0x40a12800 JavaThread "pool-37-thread-1" [_thread_blocked, id=1260, stack(0x4a880000,0x4a8d0000)]
  0x40a18000 JavaThread "Thread-23" [_thread_blocked, id=14528, stack(0x4b580000,0x4b5d0000)]
  0x40a15000 JavaThread "Thread-22" [_thread_blocked, id=17740, stack(0x4a720000,0x4a770000)]
  0x40a19400 JavaThread "Thread-21" [_thread_blocked, id=17424, stack(0x4a4c0000,0x4a510000)]
  0x40a18800 JavaThread "Thread-20" [_thread_blocked, id=16352, stack(0x4a310000,0x4a360000)]
  0x40a14400 JavaThread "Image Fetcher 1" daemon [_thread_blocked, id=2664, stack(0x49340000,0x49390000)]
  0x40a19c00 JavaThread "Image Fetcher 0" daemon [_thread_blocked, id=8420, stack(0x451c0000,0x45210000)]
  0x40a15800 JavaThread "Exec Stream Pumper" daemon [_thread_in_native, id=17416, stack(0x4a430000,0x4a480000)]
  0x40a13000 JavaThread "Exec Stream Pumper" daemon [_thread_in_native, id=6636, stack(0x4a3a0000,0x4a3f0000)]
  0x40a18c00 JavaThread "Exec Default Executor" daemon [_thread_in_native, id=2256, stack(0x4a280000,0x4a2d0000)]
  0x40a17800 JavaThread "pool-33-thread-1" [_thread_blocked, id=18104, stack(0x4a1f0000,0x4a240000)]
  0x40a16000 JavaThread "pool-32-thread-1" [_thread_blocked, id=13836, stack(0x4a040000,0x4a090000)]
  0x40a17400 JavaThread "Thread-19" [_thread_blocked, id=18224, stack(0x49d70000,0x49dc0000)]
  0x40a16c00 JavaThread "Exec Stream Pumper" daemon [_thread_in_native, id=1164, stack(0x4a160000,0x4a1b0000)]
  0x40a16400 JavaThread "Exec Stream Pumper" daemon [_thread_in_native, id=14372, stack(0x4a0d0000,0x4a120000)]
  0x40a14800 JavaThread "Exec Default Executor" daemon [_thread_in_native, id=15216, stack(0x49fb0000,0x4a000000)]
  0x3fe1a400 JavaThread "pool-31-thread-1" [_thread_blocked, id=17716, stack(0x49f20000,0x49f70000)]
  0x3fe1b400 JavaThread "pool-30-thread-1" [_thread_blocked, id=8104, stack(0x49e90000,0x49ee0000)]
  0x41ef5000 JavaThread "Thread-18" [_thread_blocked, id=9516, stack(0x49e00000,0x49e50000)]
  0x41ef4800 JavaThread "Thread-17" [_thread_blocked, id=15428, stack(0x4a560000,0x4a5b0000)]
  0x41ef4400 JavaThread "Exec Stream Pumper" daemon [_thread_in_native, id=15568, stack(0x4a690000,0x4a6e0000)]
  0x41ef3400 JavaThread "Exec Stream Pumper" daemon [_thread_in_native, id=11780, stack(0x4a600000,0x4a650000)]
  0x41ef8000 JavaThread "Exec Default Executor" daemon [_thread_in_native, id=7872, stack(0x49ce0000,0x49d30000)]
  0x41ef2800 JavaThread "pool-28-thread-1" [_thread_blocked, id=12900, stack(0x49c50000,0x49ca0000)]
  0x41ef5800 JavaThread "pool-27-thread-1" [_thread_blocked, id=16268, stack(0x49bc0000,0x49c10000)]
  0x41ef3c00 JavaThread "Thread-16" [_thread_blocked, id=16796, stack(0x4b530000,0x4b580000)]
  0x41ef2000 JavaThread "Thread-15" [_thread_blocked, id=7232, stack(0x4a830000,0x4a880000)]
  0x41ef1c00 JavaThread "Exec Stream Pumper" daemon [_thread_in_native, id=17112, stack(0x49b30000,0x49b80000)]
  0x41ef8800 JavaThread "Exec Stream Pumper" daemon [_thread_in_native, id=14000, stack(0x4c490000,0x4c4e0000)]
  0x41ef6c00 JavaThread "Exec Default Executor" daemon [_thread_in_native, id=8352, stack(0x49a00000,0x49a50000)]
  0x41ef6400 JavaThread "pool-25-thread-1" [_thread_blocked, id=7380, stack(0x49970000,0x499c0000)]
  0x41ef6000 JavaThread "pool-24-thread-1" [_thread_blocked, id=12200, stack(0x498e0000,0x49930000)]
  0x412bf400 JavaThread "Thread-14" [_thread_blocked, id=11332, stack(0x49730000,0x49780000)]
  0x41eea800 JavaThread "Exec Stream Pumper" daemon [_thread_in_native, id=6396, stack(0x49850000,0x498a0000)]
  0x412c1000 JavaThread "Exec Stream Pumper" daemon [_thread_in_native, id=7412, stack(0x497c0000,0x49810000)]
  0x3fe1d400 JavaThread "Exec Default Executor" daemon [_thread_in_native, id=13600, stack(0x496a0000,0x496f0000)]
  0x3fe1c000 JavaThread "pool-23-thread-1" [_thread_blocked, id=11056, stack(0x49610000,0x49660000)]
  0x3fe1b800 JavaThread "pool-22-thread-1" [_thread_blocked, id=16144, stack(0x49580000,0x495d0000)]
  0x3fe1a000 JavaThread "Thread-13" [_thread_blocked, id=15896, stack(0x494f0000,0x49540000)]
  0x3fe1f000 JavaThread "AWT-Shutdown" [_thread_blocked, id=3844, stack(0x42c00000,0x42c50000)]
  0x3fe1fc00 JavaThread "Exec Stream Pumper" daemon [_thread_in_native, id=14604, stack(0x49460000,0x494b0000)]
  0x3fe19800 JavaThread "Exec Stream Pumper" daemon [_thread_in_native, id=8668, stack(0x493d0000,0x49420000)]
  0x3fe20c00 JavaThread "Exec Default Executor" daemon [_thread_in_native, id=15808, stack(0x492b0000,0x49300000)]
  0x3fe1e400 JavaThread "pool-21-thread-1" [_thread_blocked, id=8164, stack(0x490b0000,0x49100000)]
  0x3fe1c800 JavaThread "pool-20-thread-1" [_thread_blocked, id=2008, stack(0x46090000,0x460e0000)]
  0x3fe1dc00 JavaThread "Thread-12" [_thread_blocked, id=15308, stack(0x45350000,0x453a0000)]
  0x3fe1cc00 JavaThread "Exec Stream Pumper" daemon [_thread_in_native, id=13148, stack(0x49aa0000,0x49af0000)]
  0x3fe1f800 JavaThread "Exec Stream Pumper" daemon [_thread_in_native, id=1336, stack(0x49220000,0x49270000)]
  0x3fe1ac00 JavaThread "Exec Default Executor" daemon [_thread_in_native, id=13840, stack(0x49020000,0x49070000)]
  0x3fe20400 JavaThread "pool-19-thread-1" [_thread_blocked, id=2020, stack(0x48f90000,0x48fe0000)]
  0x3fe1e800 JavaThread "pool-18-thread-1" [_thread_blocked, id=16012, stack(0x48de0000,0x48e30000)]
  0x412c2400 JavaThread "Thread-11" [_thread_blocked, id=16640, stack(0x47e60000,0x47eb0000)]
  0x40e33800 JavaThread "Exec Stream Pumper" daemon [_thread_in_native, id=7336, stack(0x48f00000,0x48f50000)]
  0x412c4000 JavaThread "Exec Stream Pumper" daemon [_thread_in_native, id=13564, stack(0x48e70000,0x48ec0000)]
  0x412c0000 JavaThread "Exec Default Executor" daemon [_thread_in_native, id=2436, stack(0x48d50000,0x48da0000)]
  0x412c3800 JavaThread "pool-17-thread-1" [_thread_blocked, id=17420, stack(0x48cc0000,0x48d10000)]
  0x412c3000 JavaThread "pool-16-thread-1" [_thread_blocked, id=3716, stack(0x48c30000,0x48c80000)]
  0x412be000 JavaThread "Thread-10" [_thread_blocked, id=18288, stack(0x48650000,0x486a0000)]
  0x412bec00 JavaThread "Exec Stream Pumper" daemon [_thread_in_native, id=8200, stack(0x48ba0000,0x48bf0000)]
  0x412c4c00 JavaThread "Exec Stream Pumper" daemon [_thread_in_native, id=11844, stack(0x48b10000,0x48b60000)]
  0x412c4400 JavaThread "Exec Default Executor" daemon [_thread_in_native, id=1256, stack(0x48ac0000,0x48b10000)]
  0x412bfc00 JavaThread "pool-15-thread-1" [_thread_blocked, id=9452, stack(0x489b0000,0x48a00000)]
  0x412c2800 JavaThread "pool-14-thread-1" [_thread_blocked, id=4116, stack(0x48920000,0x48970000)]
  0x412be800 JavaThread "Thread-9" [_thread_blocked, id=18368, stack(0x48890000,0x488e0000)]
  0x412c1400 JavaThread "Exec Stream Pumper" daemon [_thread_in_native, id=8948, stack(0x48800000,0x48850000)]
  0x412c1c00 JavaThread "Exec Stream Pumper" daemon [_thread_in_native, id=6468, stack(0x48770000,0x487c0000)]
  0x412c5400 JavaThread "Exec Default Executor" daemon [_thread_in_native, id=14700, stack(0x485c0000,0x48610000)]
  0x412c0800 JavaThread "pool-13-thread-1" [_thread_blocked, id=15540, stack(0x48530000,0x48580000)]
  0x41ef0c00 JavaThread "pool-12-thread-1" [_thread_blocked, id=9052, stack(0x484a0000,0x484f0000)]
  0x41eeb000 JavaThread "Thread-8" [_thread_blocked, id=15936, stack(0x48230000,0x48280000)]
  0x40e31400 JavaThread "Exec Stream Pumper" daemon [_thread_in_native, id=2120, stack(0x48310000,0x48360000)]
  0x40e31000 JavaThread "Exec Stream Pumper" daemon [_thread_in_native, id=5972, stack(0x48280000,0x482d0000)]
  0x40e30800 JavaThread "Exec Default Executor" daemon [_thread_in_native, id=14176, stack(0x481a0000,0x481f0000)]
  0x40e2e400 JavaThread "pool-11-thread-1" [_thread_blocked, id=12148, stack(0x491d0000,0x49220000)]
  0x40e34400 JavaThread "pool-10-thread-1" [_thread_blocked, id=13820, stack(0x49140000,0x49190000)]
  0x40e35800 JavaThread "Thread-7" [_thread_blocked, id=17728, stack(0x48010000,0x48060000)]
  0x40e35400 JavaThread "Exec Stream Pumper" daemon [_thread_in_native, id=13748, stack(0x47fc0000,0x48010000)]
  0x40e32800 JavaThread "Exec Stream Pumper" daemon [_thread_in_native, id=11436, stack(0x47f30000,0x47f80000)]
  0x40e2ec00 JavaThread "Exec Default Executor" daemon [_thread_in_native, id=2320, stack(0x47e10000,0x47e60000)]
  0x40e34000 JavaThread "pool-9-thread-1" [_thread_blocked, id=17476, stack(0x47d80000,0x47dd0000)]
  0x40e31c00 JavaThread "pool-8-thread-1" [_thread_blocked, id=14388, stack(0x47cf0000,0x47d40000)]
  0x40e32400 JavaThread "Thread-6" [_thread_blocked, id=16036, stack(0x47a40000,0x47a90000)]
  0x40e33000 JavaThread "Exec Stream Pumper" daemon [_thread_in_native, id=5908, stack(0x47b60000,0x47bb0000)]
  0x40e2fc00 JavaThread "Exec Stream Pumper" daemon [_thread_in_native, id=5168, stack(0x47ad0000,0x47b20000)]
  0x41eed800 JavaThread "Exec Default Executor" daemon [_thread_in_native, id=18040, stack(0x479b0000,0x47a00000)]
  0x41eed000 JavaThread "pool-7-thread-1" [_thread_blocked, id=15516, stack(0x47920000,0x47970000)]
  0x41ef0000 JavaThread "pool-6-thread-1" [_thread_blocked, id=17272, stack(0x48110000,0x48160000)]
  0x41eef800 JavaThread "Thread-5" [_thread_blocked, id=10028, stack(0x47770000,0x477c0000)]
  0x41eec800 JavaThread "Exec Stream Pumper" daemon [_thread_in_native, id=17664, stack(0x47890000,0x478e0000)]
  0x41eef400 JavaThread "Exec Stream Pumper" daemon [_thread_in_native, id=1784, stack(0x47800000,0x47850000)]
  0x41eeec00 JavaThread "Exec Default Executor" daemon [_thread_in_native, id=17860, stack(0x476e0000,0x47730000)]
=>0x41eee400 JavaThread "pool-5-thread-1" [_thread_in_native, id=8492, stack(0x47650000,0x476a0000)]
  0x41eea000 JavaThread "pool-4-thread-1" [_thread_blocked, id=15124, stack(0x475c0000,0x47610000)]
  0x41eebc00 JavaThread "Thread-4" [_thread_blocked, id=7072, stack(0x47530000,0x47580000)]
  0x41eeb400 JavaThread "pool-3-thread-8" [_thread_blocked, id=14508, stack(0x45fe0000,0x46030000)]
  0x41ee9c00 JavaThread "pool-3-thread-7" [_thread_blocked, id=15132, stack(0x45db0000,0x45e00000)]
  0x41eec400 JavaThread "pool-3-thread-6" [_thread_blocked, id=18208, stack(0x00bf0000,0x00c40000)]
  0x41eedc00 JavaThread "pool-3-thread-5" [_thread_blocked, id=6156, stack(0x00b60000,0x00bb0000)]
  0x3fe31800 JavaThread "pool-3-thread-4" [_thread_blocked, id=9912, stack(0x00ad0000,0x00b20000)]
  0x3fe34000 JavaThread "pool-3-thread-3" [_thread_blocked, id=2700, stack(0x45c20000,0x45c70000)]
  0x3fe33800 JavaThread "pool-3-thread-2" [_thread_blocked, id=13956, stack(0x45b90000,0x45be0000)]
  0x3fe33400 JavaThread "pool-3-thread-1" [_thread_blocked, id=3816, stack(0x425a0000,0x425f0000)]
  0x3fe32400 JavaThread "Exec Stream Pumper" daemon [_thread_in_native, id=6124, stack(0x461d0000,0x46220000)]
  0x3fe32000 JavaThread "Exec Stream Pumper" daemon [_thread_in_native, id=6120, stack(0x46140000,0x46190000)]
  0x3fe32c00 JavaThread "Exec Default Executor" daemon [_thread_in_native, id=6084, stack(0x45e80000,0x45ed0000)]
  0x3fe34800 JavaThread "pool-2-thread-1" [_thread_blocked, id=6080, stack(0x45500000,0x45550000)]
  0x403d9400 JavaThread "pool-1-thread-1" [_thread_blocked, id=6076, stack(0x45470000,0x454c0000)]
  0x403d8c00 JavaThread "Thread-2" [_thread_blocked, id=6072, stack(0x453e0000,0x45430000)]
  0x413cf800 JavaThread "AWT-Windows" daemon [_thread_in_native, id=17792, stack(0x42c90000,0x42ce0000)]
  0x4179c400 JavaThread "Java2D Disposer" daemon [_thread_blocked, id=17880, stack(0x42b70000,0x42bc0000)]
  0x4128a000 JavaThread "com.google.inject.internal.util.$Finalizer" daemon [_thread_blocked, id=5980, stack(0x42210000,0x42260000)]
  0x40389800 JavaThread "surefire-forkedjvm-command-thread" daemon [_thread_in_native, id=11024, stack(0x408b0000,0x40900000)]
  0x40395800 JavaThread "last-ditch-daemon-shutdown-thread-30sec" daemon [_thread_blocked, id=17340, stack(0x40820000,0x40870000)]
  0x402e9400 JavaThread "Service Thread" daemon [_thread_blocked, id=17608, stack(0x40700000,0x40750000)]
  0x3fe34c00 JavaThread "C1 CompilerThread3" daemon [_thread_blocked, id=4724, stack(0x40270000,0x402c0000)]
  0x3fdee000 JavaThread "C2 CompilerThread2" daemon [_thread_blocked, id=17088, stack(0x401e0000,0x40230000)]
  0x3fddc400 JavaThread "C2 CompilerThread1" daemon [_thread_blocked, id=14444, stack(0x40150000,0x401a0000)]
  0x3fddb000 JavaThread "C2 CompilerThread0" daemon [_thread_blocked, id=17628, stack(0x400c0000,0x40110000)]
  0x3fde2000 JavaThread "Attach Listener" daemon [_thread_blocked, id=6060, stack(0x40030000,0x40080000)]
  0x3fc5ec00 JavaThread "Signal Dispatcher" daemon [_thread_blocked, id=15836, stack(0x3ffa0000,0x3fff0000)]
  0x3fdbec00 JavaThread "Finalizer" daemon [_thread_blocked, id=5096, stack(0x3fae0000,0x3fb30000)]
  0x3fdb8400 JavaThread "Reference Handler" daemon [_thread_blocked, id=13428, stack(0x3fa50000,0x3faa0000)]
  0x009fe000 JavaThread "Forwarding newSession on session null to remote" [_thread_blocked, id=1708, stack(0x02560000,0x025b0000)]

Other Threads:
  0x3fc57c00 VMThread [stack: 0x3f9c0000,0x3fa10000] [id=5824]
  0x3fe5d400 WatcherThread [stack: 0x40790000,0x407e0000] [id=8912]

VM state:at safepoint (normal execution)

VM Mutex/Monitor currently owned by a thread:  ([mutex/lock_event])
[0x009fc518] Threads_lock - owner thread: 0x3fc57c00
[0x009fb950] Heap_lock - owner thread: 0x3fe1c000

OutOfMemory and StackOverflow Exception counts:
OutOfMemoryError java_heap_errors=19

Heap:
 PSYoungGen      total 159232K, used 79616K [0x2eec0000, 0x3d800000, 0x3d800000)
  eden space 79616K, 100% used [0x2eec0000,0x33c80000,0x33c80000)
  from space 79616K, 0% used [0x33c80000,0x33c80000,0x38a40000)
  to   space 79616K, 0% used [0x38a40000,0x38a40000,0x3d800000)
 ParOldGen       total 477952K, used 474445K [0x11c00000, 0x2eec0000, 0x2eec0000)
  object space 477952K, 99% used [0x11c00000,0x2eb53688,0x2eec0000)
 Metaspace       used 24370K, capacity 24626K, committed 24960K, reserved 24960K

Card table byte_map: [0x025b0000,0x02710000] byte_map_base: 0x02522000

Marking Bits: (ParMarkBitMap*) 0x618a5768
 Begin Bits: [0x3dc80000, 0x3e770000)
 End Bits:   [0x3e770000, 0x3f260000)

Polling page: 0x00e90000

CodeCache: size=245760Kb used=19464Kb max_used=19481Kb free=226295Kb
 bounds [0x02740000, 0x03a68000, 0x11740000]
 total_blobs=6674 nmethods=6415 adapters=173
 compilation: enabled

Compilation events (10 events):
Event: 2181.024 Thread 0x3fe34c00 nmethod 7952 0x03a55cc8 code [0x03a55f40, 0x03a57038]
Event: 2181.208 Thread 0x3fdee000 nmethod 7943 0x03a5a508 code [0x03a5a660, 0x03a5aef0]
Event: 2181.209 Thread 0x3fe34c00 7953       3       gherkin.formatter.NiceAppendable::println (8 bytes)
Event: 2181.209 Thread 0x3fe34c00 nmethod 7953 0x03a59f48 code [0x03a5a080, 0x03a5a324]
Event: 2181.366 Thread 0x3fe34c00 7954       3       sun.awt.image.ImageWatched$Link::removeWatcher (2 bytes)
Event: 2181.368 Thread 0x3fe34c00 nmethod 7954 0x036d1408 code [0x036d1500, 0x036d15e0]
Event: 2181.443 Thread 0x3fe34c00 7955   !   3       sun.util.resources.ParallelListResourceBundle::loadLookupTablesIfNecessary (170 bytes)
Event: 2181.444 Thread 0x3fe34c00 nmethod 7955 0x0359a3c8 code [0x0359a5c0, 0x0359b2a4]
Event: 2181.445 Thread 0x3fe34c00 7956       3       java.util.concurrent.atomic.AtomicMarkableReference::getReference (8 bytes)
Event: 2181.445 Thread 0x3fe34c00 nmethod 7956 0x02fa5188 code [0x02fa5280, 0x02fa5360]

GC Heap History (10 events):
Event: 2183.680 GC heap before
{Heap before GC invocations=18620 (full 11793):
 PSYoungGen      total 159232K, used 79616K [0x2eec0000, 0x3d800000, 0x3d800000)
  eden space 79616K, 100% used [0x2eec0000,0x33c80000,0x33c80000)
  from space 79616K, 0% used [0x33c80000,0x33c80000,0x38a40000)
  to   space 79616K, 0% used [0x38a40000,0x38a40000,0x3d800000)
 ParOldGen       total 477952K, used 474445K [0x11c00000, 0x2eec0000, 0x2eec0000)
  object space 477952K, 99% used [0x11c00000,0x2eb536c0,0x2eec0000)
 Metaspace       used 24370K, capacity 24626K, committed 24960K, reserved 24960K
Event: 2183.744 GC heap after
Heap after GC invocations=18620 (full 11793):
 PSYoungGen      total 159232K, used 79613K [0x2eec0000, 0x3d800000, 0x3d800000)
  eden space 79616K, 99% used [0x2eec0000,0x33c7f788,0x33c80000)
  from space 79616K, 0% used [0x33c80000,0x33c80000,0x38a40000)
  to   space 79616K, 0% used [0x38a40000,0x38a40000,0x3d800000)
 ParOldGen       total 477952K, used 474445K [0x11c00000, 0x2eec0000, 0x2eec0000)
  object space 477952K, 99% used [0x11c00000,0x2eb53698,0x2eec0000)
 Metaspace       used 24370K, capacity 24626K, committed 24960K, reserved 24960K
}
Event: 2183.745 GC heap before
{Heap before GC invocations=18621 (full 11794):
 PSYoungGen      total 159232K, used 79615K [0x2eec0000, 0x3d800000, 0x3d800000)
  eden space 79616K, 99% used [0x2eec0000,0x33c7fff0,0x33c80000)
  from space 79616K, 0% used [0x33c80000,0x33c80000,0x38a40000)
  to   space 79616K, 0% used [0x38a40000,0x38a40000,0x3d800000)
 ParOldGen       total 477952K, used 474445K [0x11c00000, 0x2eec0000, 0x2eec0000)
  object space 477952K, 99% used [0x11c00000,0x2eb53698,0x2eec0000)
 Metaspace       used 24370K, capacity 24626K, committed 24960K, reserved 24960K
Event: 2183.802 GC heap after
Heap after GC invocations=18621 (full 11794):
 PSYoungGen      total 159232K, used 79613K [0x2eec0000, 0x3d800000, 0x3d800000)
  eden space 79616K, 99% used [0x2eec0000,0x33c7f758,0x33c80000)
  from space 79616K, 0% used [0x33c80000,0x33c80000,0x38a40000)
  to   space 79616K, 0% used [0x38a40000,0x38a40000,0x3d800000)
 ParOldGen       total 477952K, used 474445K [0x11c00000, 0x2eec0000, 0x2eec0000)
  object space 477952K, 99% used [0x11c00000,0x2eb53688,0x2eec0000)
 Metaspace       used 24370K, capacity 24626K, committed 24960K, reserved 24960K
}
Event: 2183.804 GC heap before
{Heap before GC invocations=18622 (full 11795):
 PSYoungGen      total 159232K, used 79616K [0x2eec0000, 0x3d800000, 0x3d800000)
  eden space 79616K, 100% used [0x2eec0000,0x33c80000,0x33c80000)
  from space 79616K, 0% used [0x33c80000,0x33c80000,0x38a40000)
  to   space 79616K, 0% used [0x38a40000,0x38a40000,0x3d800000)
 ParOldGen       total 477952K, used 474445K [0x11c00000, 0x2eec0000, 0x2eec0000)
  object space 477952K, 99% used [0x11c00000,0x2eb53688,0x2eec0000)
 Metaspace       used 24370K, capacity 24626K, committed 24960K, reserved 24960K
Event: 2183.857 GC heap after
Heap after GC invocations=18622 (full 11795):
 PSYoungGen      total 159232K, used 79614K [0x2eec0000, 0x3d800000, 0x3d800000)
  eden space 79616K, 99% used [0x2eec0000,0x33c7f810,0x33c80000)
  from space 79616K, 0% used [0x33c80000,0x33c80000,0x38a40000)
  to   space 79616K, 0% used [0x38a40000,0x38a40000,0x3d800000)
 ParOldGen       total 477952K, used 474445K [0x11c00000, 0x2eec0000, 0x2eec0000)
  object space 477952K, 99% used [0x11c00000,0x2eb53688,0x2eec0000)
 Metaspace       used 24370K, capacity 24626K, committed 24960K, reserved 24960K
}
Event: 2183.859 GC heap before
{Heap before GC invocations=18623 (full 11796):
 PSYoungGen      total 159232K, used 79616K [0x2eec0000, 0x3d800000, 0x3d800000)
  eden space 79616K, 100% used [0x2eec0000,0x33c80000,0x33c80000)
  from space 79616K, 0% used [0x33c80000,0x33c80000,0x38a40000)
  to   space 79616K, 0% used [0x38a40000,0x38a40000,0x3d800000)
 ParOldGen       total 477952K, used 474445K [0x11c00000, 0x2eec0000, 0x2eec0000)
  object space 477952K, 99% used [0x11c00000,0x2eb53688,0x2eec0000)
 Metaspace       used 24370K, capacity 24626K, committed 24960K, reserved 24960K
Event: 2183.917 GC heap after
Heap after GC invocations=18623 (full 11796):
 PSYoungGen      total 159232K, used 79614K [0x2eec0000, 0x3d800000, 0x3d800000)
  eden space 79616K, 99% used [0x2eec0000,0x33c7f898,0x33c80000)
  from space 79616K, 0% used [0x33c80000,0x33c80000,0x38a40000)
  to   space 79616K, 0% used [0x38a40000,0x38a40000,0x3d800000)
 ParOldGen       total 477952K, used 474445K [0x11c00000, 0x2eec0000, 0x2eec0000)
  object space 477952K, 99% used [0x11c00000,0x2eb53688,0x2eec0000)
 Metaspace       used 24370K, capacity 24626K, committed 24960K, reserved 24960K
}
Event: 2183.919 GC heap before
{Heap before GC invocations=18624 (full 11797):
 PSYoungGen      total 159232K, used 79616K [0x2eec0000, 0x3d800000, 0x3d800000)
  eden space 79616K, 100% used [0x2eec0000,0x33c80000,0x33c80000)
  from space 79616K, 0% used [0x33c80000,0x33c80000,0x38a40000)
  to   space 79616K, 0% used [0x38a40000,0x38a40000,0x3d800000)
 ParOldGen       total 477952K, used 474445K [0x11c00000, 0x2eec0000, 0x2eec0000)
  object space 477952K, 99% used [0x11c00000,0x2eb53688,0x2eec0000)
 Metaspace       used 24370K, capacity 24626K, committed 24960K, reserved 24960K
Event: 2183.978 GC heap after
Heap after GC invocations=18624 (full 11797):
 PSYoungGen      total 159232K, used 79614K [0x2eec0000, 0x3d800000, 0x3d800000)
  eden space 79616K, 99% used [0x2eec0000,0x33c7f908,0x33c80000)
  from space 79616K, 0% used [0x33c80000,0x33c80000,0x38a40000)
  to   space 79616K, 0% used [0x38a40000,0x38a40000,0x3d800000)
 ParOldGen       total 477952K, used 474445K [0x11c00000, 0x2eec0000, 0x2eec0000)
  object space 477952K, 99% used [0x11c00000,0x2eb53688,0x2eec0000)
 Metaspace       used 24370K, capacity 24626K, committed 24960K, reserved 24960K
}

Deoptimization events (10 events):
Event: 2033.960 Thread 0x009fe000 Uncommon trap: reason=class_check action=maybe_recompile pc=0x03915f4c method=sun.reflect.DelegatingConstructorAccessorImpl.newInstance([Ljava/lang/Object;)Ljava/lang/Object; @ 5
Event: 2033.960 Thread 0x009fe000 Uncommon trap: reason=class_check action=maybe_recompile pc=0x0390283c method=sun.reflect.DelegatingConstructorAccessorImpl.newInstance([Ljava/lang/Object;)Ljava/lang/Object; @ 5
Event: 2033.960 Thread 0x009fe000 Uncommon trap: reason=class_check action=maybe_recompile pc=0x03915f4c method=sun.reflect.DelegatingConstructorAccessorImpl.newInstance([Ljava/lang/Object;)Ljava/lang/Object; @ 5
Event: 2033.960 Thread 0x009fe000 Uncommon trap: reason=class_check action=maybe_recompile pc=0x0390283c method=sun.reflect.DelegatingConstructorAccessorImpl.newInstance([Ljava/lang/Object;)Ljava/lang/Object; @ 5
Event: 2097.500 Thread 0x41eedc00 Uncommon trap: reason=class_check action=maybe_recompile pc=0x035971bc method=sun.reflect.DelegatingConstructorAccessorImpl.newInstance([Ljava/lang/Object;)Ljava/lang/Object; @ 5
Event: 2098.916 Thread 0x403d9400 Uncommon trap: reason=unstable_if action=reinterpret pc=0x032ec87c method=java.util.concurrent.FutureTask.runAndReset()Z @ 115
Event: 2181.013 Thread 0x41eeb400 Uncommon trap: reason=unstable_if action=reinterpret pc=0x02fbd92c method=java.util.concurrent.ConcurrentHashMap.addCount(JI)V @ 34
Event: 2181.013 Thread 0x3fe34000 Uncommon trap: reason=unstable_if action=reinterpret pc=0x02fbd92c method=java.util.concurrent.ConcurrentHashMap.addCount(JI)V @ 34
Event: 2183.498 Thread 0x3fe1f000 Uncommon trap: reason=unstable_if action=reinterpret pc=0x033b30f0 method=sun.awt.AWTAutoShutdown.run()V @ 51
Event: 2183.498 Thread 0x3fe1f000 Uncommon trap: reason=class_check action=maybe_recompile pc=0x02b0271c method=java.util.Collections$SynchronizedCollection.iterator()Ljava/util/Iterator; @ 4

Classes redefined (0 events):
No events

Internal exceptions (10 events):
Event: 2177.938 Thread 0x009fe000 Exception <a 'java/lang/OutOfMemoryError'> (0x127bdd28) thrown at [C:\wsjdk\Corretto8Src\installers\windows\zip\corretto-build\buildRoot\src\hotspot\src\share\vm\gc_interface/collectedHeap.inline.hpp, line 168]
Event: 2178.199 Thread 0x41eeb400 Exception <a 'sun/nio/fs/WindowsException'> (0x32bde300) thrown at [C:\wsjdk\Corretto8Src\installers\windows\zip\corretto-build\buildRoot\src\hotspot\src\share\vm\prims\jni.cpp, line 711]
Event: 2178.505 Thread 0x009fe000 Exception <a 'java/lang/OutOfMemoryError'> (0x127bdd28) thrown at [C:\wsjdk\Corretto8Src\installers\windows\zip\corretto-build\buildRoot\src\hotspot\src\share\vm\gc_interface/collectedHeap.inline.hpp, line 168]
Event: 2178.911 Thread 0x41eeb400 Exception <a 'sun/nio/fs/WindowsException'> (0x33927328) thrown at [C:\wsjdk\Corretto8Src\installers\windows\zip\corretto-build\buildRoot\src\hotspot\src\share\vm\prims\jni.cpp, line 711]
Event: 2179.296 Thread 0x009fe000 Exception <a 'java/lang/OutOfMemoryError'> (0x127bdd28) thrown at [C:\wsjdk\Corretto8Src\installers\windows\zip\corretto-build\buildRoot\src\hotspot\src\share\vm\gc_interface/collectedHeap.inline.hpp, line 168]
Event: 2181.208 Thread 0x009fe000 Exception <a 'java/lang/NoSuchMethodError': net.thucydides.core.webdriver.ThucydidesWebDriverSupport.closeCurrentDrivers()V> (0x3383f940) thrown at [C:\wsjdk\Corretto8Src\installers\windows\zip\corretto-build\buildRoot\src\hotspot\src\share\vm\interpreter
Event: 2181.784 Thread 0x40a12800 Exception <a 'java/lang/OutOfMemoryError'> (0x127bdcf8) thrown at [C:\wsjdk\Corretto8Src\installers\windows\zip\corretto-build\buildRoot\src\hotspot\src\share\vm\gc_interface/collectedHeap.inline.hpp, line 168]
Event: 2183.320 Thread 0x412be800 Exception <a 'java/lang/OutOfMemoryError'> (0x127bdd78) thrown at [C:\wsjdk\Corretto8Src\installers\windows\zip\corretto-build\buildRoot\src\hotspot\src\share\vm\gc_interface/collectedHeap.inline.hpp, line 179]
Event: 2183.622 Thread 0x40e35800 Exception <a 'java/lang/OutOfMemoryError'> (0x127bdd78) thrown at [C:\wsjdk\Corretto8Src\installers\windows\zip\corretto-build\buildRoot\src\hotspot\src\share\vm\gc_interface/collectedHeap.inline.hpp, line 179]
Event: 2183.917 Thread 0x41eee400 Exception <a 'java/lang/OutOfMemoryError'> (0x127bdd78) thrown at [C:\wsjdk\Corretto8Src\installers\windows\zip\corretto-build\buildRoot\src\hotspot\src\share\vm\gc_interface/collectedHeap.inline.hpp, line 179]

Events (10 events):
Event: 2183.744 Executing VM operation: ParallelGCFailedAllocation done
Event: 2183.744 Executing VM operation: ParallelGCFailedAllocation
Event: 2183.802 Executing VM operation: ParallelGCFailedAllocation done
Event: 2183.802 Executing VM operation: ParallelGCFailedAllocation
Event: 2183.857 Executing VM operation: ParallelGCFailedAllocation done
Event: 2183.858 Executing VM operation: ParallelGCFailedAllocation
Event: 2183.917 Executing VM operation: ParallelGCFailedAllocation done
Event: 2183.917 Executing VM operation: ParallelGCFailedAllocation
Event: 2183.978 Executing VM operation: ParallelGCFailedAllocation done
Event: 2183.978 Executing VM operation: ParallelGCFailedAllocation


Dynamic libraries:
0x00f80000 - 0x00fb5000 	C:\temp\jdk1.8.0_332\jre\bin\java.exe
0x77450000 - 0x775f4000 	C:\WINDOWS\SYSTEM32\ntdll.dll
0x77220000 - 0x77310000 	C:\WINDOWS\System32\KERNEL32.DLL
0x75c90000 - 0x75eac000 	C:\WINDOWS\System32\KERNELBASE.dll
0x6e6e0000 - 0x6e780000 	C:\WINDOWS\SYSTEM32\apphelp.dll
0x76a80000 - 0x76afb000 	C:\WINDOWS\System32\ADVAPI32.dll
0x76f40000 - 0x76fff000 	C:\WINDOWS\System32\msvcrt.dll
0x770f0000 - 0x77166000 	C:\WINDOWS\System32\sechost.dll
0x75810000 - 0x758ce000 	C:\WINDOWS\System32\RPCRT4.dll
0x75550000 - 0x756ed000 	C:\WINDOWS\System32\USER32.dll
0x75eb0000 - 0x75ec8000 	C:\WINDOWS\System32\win32u.dll
0x757e0000 - 0x75803000 	C:\WINDOWS\System32\GDI32.dll
0x758d0000 - 0x759b0000 	C:\WINDOWS\System32\gdi32full.dll
0x77310000 - 0x7738b000 	C:\WINDOWS\System32\msvcp_win.dll
0x75330000 - 0x75450000 	C:\WINDOWS\System32\ucrtbase.dll
0x6da70000 - 0x6dc80000 	C:\WINDOWS\WinSxS\x86_microsoft.windows.common-controls_6595b64144ccf1df_6.0.19041.1110_none_a8625c1886757984\COMCTL32.dll
0x770c0000 - 0x770e5000 	C:\WINDOWS\System32\IMM32.DLL
0x61910000 - 0x619fe000 	C:\temp\jdk1.8.0_332\jre\bin\msvcr120.dll
0x6d890000 - 0x6d901000 	C:\temp\jdk1.8.0_332\jre\bin\msvcp120.dll
0x612f0000 - 0x6190f000 	C:\temp\jdk1.8.0_332\jre\bin\server\jvm.dll
0x75320000 - 0x75326000 	C:\WINDOWS\System32\PSAPI.DLL
0x750f0000 - 0x750f8000 	C:\WINDOWS\SYSTEM32\WSOCK32.dll
0x72ab0000 - 0x72ad8000 	C:\WINDOWS\SYSTEM32\WINMM.dll
0x74f40000 - 0x74f48000 	C:\WINDOWS\SYSTEM32\VERSION.dll
0x76590000 - 0x765f3000 	C:\WINDOWS\System32\WS2_32.dll
0x6e5d0000 - 0x6e5dd000 	C:\temp\jdk1.8.0_332\jre\bin\verify.dll
0x6e5a0000 - 0x6e5c4000 	C:\temp\jdk1.8.0_332\jre\bin\java.dll
0x6e3d0000 - 0x6e3e4000 	C:\temp\jdk1.8.0_332\jre\bin\zip.dll
0x75f70000 - 0x76525000 	C:\WINDOWS\System32\SHELL32.dll
0x71040000 - 0x7164a000 	C:\WINDOWS\SYSTEM32\windows.storage.dll
0x76600000 - 0x76880000 	C:\WINDOWS\System32\combase.dll
0x70f80000 - 0x70fa7000 	C:\WINDOWS\SYSTEM32\Wldp.dll
0x76890000 - 0x76917000 	C:\WINDOWS\System32\SHCORE.dll
0x77170000 - 0x771b5000 	C:\WINDOWS\System32\shlwapi.dll
0x70300000 - 0x70318000 	C:\WINDOWS\SYSTEM32\profapi.dll
0x6d860000 - 0x6d876000 	C:\temp\jdk1.8.0_332\jre\bin\net.dll
0x700a0000 - 0x700f2000 	C:\WINDOWS\system32\mswsock.dll
0x6d850000 - 0x6d85f000 	C:\temp\jdk1.8.0_332\jre\bin\nio.dll
0x611a0000 - 0x612e9000 	C:\temp\jdk1.8.0_332\jre\bin\awt.dll
0x75ed0000 - 0x75f66000 	C:\WINDOWS\System32\OLEAUT32.dll
0x6e300000 - 0x6e374000 	C:\WINDOWS\system32\uxtheme.dll
0x75b20000 - 0x75bf4000 	C:\WINDOWS\System32\MSCTF.dll
0x756f0000 - 0x757d3000 	C:\WINDOWS\System32\ole32.dll
0x74f50000 - 0x74f5f000 	C:\WINDOWS\SYSTEM32\kernel.appcore.dll
0x77060000 - 0x770bf000 	C:\WINDOWS\System32\bcryptPrimitives.dll
0x6e290000 - 0x6e2b6000 	C:\WINDOWS\system32\DWMAPI.DLL
0x67120000 - 0x67224000 	C:\WINDOWS\system32\opengl32.dll
0x670e0000 - 0x6711f000 	C:\WINDOWS\SYSTEM32\GLU32.dll
0x67380000 - 0x6750f000 	C:\WINDOWS\system32\d3d9.dll
0x665e0000 - 0x66ba2000 	C:\WINDOWS\SYSTEM32\d3d10warp.dll
0x665b0000 - 0x665dc000 	C:\WINDOWS\SYSTEM32\dxcore.dll
0x771c0000 - 0x771fb000 	C:\WINDOWS\System32\cfgmgr32.dll
0x72ec0000 - 0x72f50000 	C:\WINDOWS\SYSTEM32\DNSAPI.dll
0x72e80000 - 0x72eb2000 	C:\WINDOWS\SYSTEM32\IPHLPAPI.DLL
0x75310000 - 0x75317000 	C:\WINDOWS\System32\NSI.dll
0x70340000 - 0x70348000 	C:\Windows\System32\rasadhlp.dll
0x6ff70000 - 0x6ffc9000 	C:\WINDOWS\System32\fwpuclnt.dll
0x77200000 - 0x77219000 	C:\WINDOWS\System32\bcrypt.dll
0x6d720000 - 0x6d743000 	C:\temp\jdk1.8.0_332\jre\bin\sunec.dll
0x70430000 - 0x70443000 	C:\WINDOWS\SYSTEM32\CRYPTSP.dll
0x70400000 - 0x7042f000 	C:\WINDOWS\system32\rsaenh.dll
0x737e0000 - 0x73805000 	C:\WINDOWS\SYSTEM32\USERENV.dll
0x72a70000 - 0x72a7a000 	C:\WINDOWS\SYSTEM32\CRYPTBASE.dll
0x70390000 - 0x703a4000 	C:\WINDOWS\SYSTEM32\dhcpcsvc6.DLL
0x70370000 - 0x70386000 	C:\WINDOWS\SYSTEM32\dhcpcsvc.DLL
0x6d670000 - 0x6d681000 	C:\WINDOWS\system32\napinsp.dll
0x61d10000 - 0x61d26000 	C:\WINDOWS\system32\pnrpnsp.dll
0x6e3b0000 - 0x6e3c0000 	C:\WINDOWS\system32\wshbth.dll
0x62af0000 - 0x62b06000 	C:\WINDOWS\system32\NLAapi.dll
0x6ddb0000 - 0x6ddbe000 	C:\WINDOWS\System32\winrnr.dll
0x67a10000 - 0x67b98000 	C:\WINDOWS\SYSTEM32\dbghelp.dll

VM Arguments:
java_command: C:\temp\apache-maven-3.6.0\bin\target\surefire\surefirebooter1762946315329383741.jar C:\temp\apache-maven-3.6.0\bin\target\surefire\surefire3655628981115121792tmp C:\temp\apache-maven-3.6.0\bin\target\surefire\surefire_01127433483869162234tmp
java_class_path (initial): C:\temp\apache-maven-3.6.0\bin\target\surefire\surefirebooter1762946315329383741.jar
Launcher Type: SUN_STANDARD

Environment Variables:
JAVA_HOME=C:\temp\jdk1.8.0_332
PATH=C:\Program Files (x86)\Common Files\Oracle\Java\javapath;C:\Oracle\product\12.2.0\client_1\bin;C:\WINDOWS\system32;C:\WINDOWS;C:\WINDOWS\System32\Wbem;C:\WINDOWS\System32\WindowsPowerShell\v1.0\;C:\WINDOWS\System32\OpenSSH\;C:\ProgramData\chocolatey\bin;C:\Users\mel.azure.build\AppData\Local\Microsoft\WindowsApps;
USERNAME=mel.azure.build
OS=Windows_NT
PROCESSOR_IDENTIFIER=AMD64 Family 23 Model 49 Stepping 0, AuthenticAMD



---------------  S Y S T E M  ---------------

OS: Windows 10.0 , 64 bit Build 19041 (10.0.19041.1889)

CPU:total 8 (initial active 8) (8 cores per cpu, 1 threads per core) family 23 model 49 stepping 0, cmov, cx8, fxsr, mmx, sse, sse2, sse3, ssse3, sse4.1, sse4.2, popcnt, avx, avx2, aes, clmul, mmxext, 3dnowpref, lzcnt, sse4a, tsc, bmi1

Memory: 4k page, physical 67108324k(55788152k free), swap 77069796k(64493576k free)

vm_info: OpenJDK Server VM (25.332-b08) for windows-x86 JRE (1.8.0_332-b08), built on Apr 16 2022 08:25:26 by "Administrator" with MS VC++ 12.0 (VS2013)

time: Mon Nov 07 18:19:12 2022
timezone: E. Australia Standard Time
elapsed time: 2184.038599 seconds (0d 0h 36m 24s)

