#
# A fatal error has been detected by the Java Runtime Environment:
#
#  EXCEPTION_UNCAUGHT_CXX_EXCEPTION (0xe06d7363) at pc=0x770bcc12, pid=52128, tid=0x0000fd88
#
# JRE version: OpenJDK Runtime Environment (8.0_332-b08) (build 1.8.0_332-b08)
# Java VM: OpenJDK Server VM (25.332-b08 mixed mode windows-x86 )
# Problematic frame:
# C  [KERNELBASE.dll+0x12cc12]
#
# Failed to write core dump. Minidumps are not enabled by default on client versions of Windows
#
# If you would like to submit a bug report, please visit:
#   https://github.com/corretto/corretto-8/issues/
# The crash happened outside the Java Virtual Machine in native code.
# See problematic frame for where to report the bug.
#

---------------  T H R E A D  ---------------

Current thread (0x416a3400):  JavaThread "pool-27-thread-1" [_thread_in_native, id=64904, stack(0x4b020000,0x4b070000)]

siginfo: ExceptionCode=0xe06d7363, ExceptionInformation=0x19930520 0x4b06f3bf 0x60e8f518 

Registers:
EAX=0x4b06f300, EBX=0x00000000, ECX=0x00000003, EDX=0x00000000
ESP=0x4b06f300, EBP=0x4b06f35c, ESI=0x60e8f518, EDI=0x4b06f3bf
EIP=0x770bcc12, EFLAGS=0x00000216

Top of Stack: (sp=0x4b06f300)
0x4b06f300:   e06d7363 00000001 00000000 770bcc12
0x4b06f310:   00000003 19930520 4b06f3bf 60e8f518
0x4b06f320:   fffffffe 4b06f384 604f8600 55c71a13
0x4b06f330:   416a35a0 416a3400 55c71a27 416a35a0
0x4b06f340:   416a3400 55c71a2b 416a35a0 416a3400
0x4b06f350:   4281c8f0 9aeb4968 4281c8ec 4b06f39c
0x4b06f360:   60f18a19 e06d7363 00000001 00000003
0x4b06f370:   4b06f390 4281c8ec 416a35a0 e06d7363 

Instructions: (pc=0x770bcc12)
0x770bcbf2:   89 44 24 10 c1 e0 02 50 51 8d 44 24 1c 50 e8 9f
0x770bcc02:   ce 00 00 83 c4 0c 8d 04 24 50 ff 15 10 14 17 77
0x770bcc12:   8b 4c 24 54 33 cc e8 a3 4d 00 00 8b e5 5d c2 10
0x770bcc22:   00 83 64 24 10 00 eb de 6a 0f 58 eb c3 cc cc cc 


Register to memory mapping:

EAX=0x4b06f300 is pointing into the stack for thread: 0x416a3400
EBX=0x00000000 is an unknown value
ECX=0x00000003 is an unknown value
EDX=0x00000000 is an unknown value
ESP=0x4b06f300 is pointing into the stack for thread: 0x416a3400
EBP=0x4b06f35c is pointing into the stack for thread: 0x416a3400
ESI=0x60e8f518 is an unknown value
EDI=0x4b06f3bf is pointing into the stack for thread: 0x416a3400


Stack: [0x4b020000,0x4b070000],  sp=0x4b06f300,  free space=316k
Native frames: (J=compiled Java code, j=interpreted, Vv=VM code, C=native code)
C  [KERNELBASE.dll+0x12cc12]
C  [msvcr120.dll+0x18a19]
C  [awt.dll+0xb4c56]
C  [awt.dll+0xae5f9]

Java frames: (J=compiled Java code, j=interpreted, Vv=VM code)
J 2252  sun.awt.Win32GraphicsConfig.getBounds(I)Ljava/awt/Rectangle; (0 bytes) @ 0x03595be3 [0x03595ba0+0x43]
J 7339 C2 java.awt.MouseInfo.getPointerInfo()Ljava/awt/PointerInfo; (143 bytes) @ 0x0406019c [0x0405ff40+0x25c]
J 7422 C2 org.monte.screenrecorder.ScreenRecorder$MouseGrabber.run()V (31 bytes) @ 0x0407b44c [0x0407b3a0+0xac]
J 7364 C2 java.util.concurrent.ScheduledThreadPoolExecutor$ScheduledFutureTask.run()V (59 bytes) @ 0x031cf448 [0x031cf380+0xc8]
J 6692 C2 java.util.concurrent.ThreadPoolExecutor.runWorker(Ljava/util/concurrent/ThreadPoolExecutor$Worker;)V (225 bytes) @ 0x03200d28 [0x03200b80+0x1a8]
j  java.util.concurrent.ThreadPoolExecutor$Worker.run()V+5
j  java.lang.Thread.run()V+11
v  ~StubRoutines::call_stub

---------------  P R O C E S S  ---------------

Java Threads: ( => current thread )
  0x42380800 JavaThread "Thread-26" [_thread_blocked, id=67516, stack(0x4cbf0000,0x4cc40000)]
  0x47637400 JavaThread "Image Fetcher 1" daemon [_thread_blocked, id=37184, stack(0x43510000,0x43560000)]
  0x47639000 JavaThread "Image Fetcher 0" daemon [_thread_blocked, id=64600, stack(0x433b0000,0x43400000)]
  0x4763c000 JavaThread "Thread-25" [_thread_blocked, id=69960, stack(0x4b100000,0x4b150000)]
  0x4763d400 JavaThread "Exec Stream Pumper" daemon [_thread_in_native, id=66120, stack(0x4ce50000,0x4cea0000)]
  0x4763cc00 JavaThread "Exec Stream Pumper" daemon [_thread_in_native, id=63660, stack(0x4cdc0000,0x4ce10000)]
  0x4763c800 JavaThread "Exec Default Executor" daemon [_thread_in_native, id=560, stack(0x4cb60000,0x4cbb0000)]
  0x4763b800 JavaThread "pool-42-thread-1" [_thread_blocked, id=69292, stack(0x4cad0000,0x4cb20000)]
  0x4763ac00 JavaThread "pool-41-thread-1" [_thread_blocked, id=23248, stack(0x4ca40000,0x4ca90000)]
  0x4763b400 JavaThread "Thread-24" [_thread_blocked, id=51412, stack(0x4c9b0000,0x4ca00000)]
  0x4763a400 JavaThread "Thread-23" [_thread_blocked, id=60468, stack(0x4c800000,0x4c850000)]
  0x47638400 JavaThread "Exec Stream Pumper" daemon [_thread_in_native, id=67252, stack(0x4c920000,0x4c970000)]
  0x47637c00 JavaThread "Exec Stream Pumper" daemon [_thread_in_native, id=56340, stack(0x4c890000,0x4c8e0000)]
  0x47636800 JavaThread "Exec Default Executor" daemon [_thread_in_native, id=70544, stack(0x4c770000,0x4c7c0000)]
  0x47636000 JavaThread "pool-39-thread-1" [_thread_blocked, id=8000, stack(0x4c6e0000,0x4c730000)]
  0x47638800 JavaThread "pool-38-thread-1" [_thread_blocked, id=69492, stack(0x4c530000,0x4c580000)]
  0x4763a000 JavaThread "Thread-22" [_thread_blocked, id=70224, stack(0x4c290000,0x4c2e0000)]
  0x47639800 JavaThread "Exec Stream Pumper" daemon [_thread_in_native, id=58788, stack(0x4c650000,0x4c6a0000)]
  0x416a4000 JavaThread "Exec Stream Pumper" daemon [_thread_in_native, id=52464, stack(0x4c5c0000,0x4c610000)]
  0x42384c00 JavaThread "Exec Default Executor" daemon [_thread_in_native, id=71540, stack(0x4c4a0000,0x4c4f0000)]
  0x42384800 JavaThread "pool-37-thread-1" [_thread_blocked, id=65432, stack(0x4cd30000,0x4cd80000)]
  0x4237e000 JavaThread "pool-36-thread-1" [_thread_blocked, id=71772, stack(0x4cca0000,0x4ccf0000)]
  0x42384000 JavaThread "Thread-21" [_thread_blocked, id=40776, stack(0x4d450000,0x4d4a0000)]
  0x42382c00 JavaThread "Thread-20" [_thread_blocked, id=57012, stack(0x4c200000,0x4c250000)]
  0x42381800 JavaThread "Thread-19" [_thread_blocked, id=60668, stack(0x4c050000,0x4c0a0000)]
  0x42382400 JavaThread "Exec Stream Pumper" daemon [_thread_in_native, id=57824, stack(0x4c170000,0x4c1c0000)]
  0x4237fc00 JavaThread "Exec Stream Pumper" daemon [_thread_in_native, id=5744, stack(0x4c0e0000,0x4c130000)]
  0x4237e800 JavaThread "Exec Default Executor" daemon [_thread_in_native, id=63508, stack(0x4bfc0000,0x4c010000)]
  0x42381000 JavaThread "pool-33-thread-1" [_thread_blocked, id=68164, stack(0x4bf30000,0x4bf80000)]
  0x42383800 JavaThread "pool-32-thread-1" [_thread_blocked, id=70840, stack(0x4bea0000,0x4bef0000)]
  0x4237f000 JavaThread "Thread-18" [_thread_blocked, id=7120, stack(0x4bcf0000,0x4bd40000)]
  0x42383400 JavaThread "Exec Stream Pumper" daemon [_thread_in_native, id=49384, stack(0x4be10000,0x4be60000)]
  0x42385400 JavaThread "Exec Stream Pumper" daemon [_thread_in_native, id=35208, stack(0x4bd80000,0x4bdd0000)]
  0x47161000 JavaThread "Exec Default Executor" daemon [_thread_in_native, id=66132, stack(0x4ba80000,0x4bad0000)]
  0x47167000 JavaThread "pool-31-thread-1" [_thread_blocked, id=55500, stack(0x4b9f0000,0x4ba40000)]
  0x47163000 JavaThread "pool-30-thread-1" [_thread_blocked, id=68960, stack(0x4b960000,0x4b9b0000)]
  0x416a5c00 JavaThread "Thread-17" [_thread_blocked, id=60344, stack(0x4b2b0000,0x4b300000)]
  0x416a1000 JavaThread "Exec Stream Pumper" daemon [_thread_in_native, id=63328, stack(0x4b7d0000,0x4b820000)]
  0x416a8400 JavaThread "Exec Stream Pumper" daemon [_thread_in_native, id=49920, stack(0x4b740000,0x4b790000)]
  0x416a7c00 JavaThread "Exec Default Executor" daemon [_thread_in_native, id=61860, stack(0x4b4f0000,0x4b540000)]
  0x416a2000 JavaThread "pool-29-thread-1" [_thread_blocked, id=58732, stack(0x4b460000,0x4b4b0000)]
  0x416a7800 JavaThread "pool-28-thread-1" [_thread_blocked, id=6552, stack(0x4b3d0000,0x4b420000)]
  0x416a4800 JavaThread "Thread-16" [_thread_blocked, id=66112, stack(0x4b340000,0x4b390000)]
  0x416a6400 JavaThread "Exec Stream Pumper" daemon [_thread_in_native, id=45628, stack(0x4b260000,0x4b2b0000)]
  0x416a7000 JavaThread "Exec Stream Pumper" daemon [_thread_in_native, id=60716, stack(0x4b1d0000,0x4b220000)]
  0x416a2400 JavaThread "Exec Default Executor" daemon [_thread_in_native, id=19288, stack(0x4b0b0000,0x4b100000)]
=>0x416a3400 JavaThread "pool-27-thread-1" [_thread_in_native, id=64904, stack(0x4b020000,0x4b070000)]
  0x416a5400 JavaThread "pool-26-thread-1" [_thread_blocked, id=69076, stack(0x4af90000,0x4afe0000)]
  0x416a6800 JavaThread "Thread-15" [_thread_blocked, id=60556, stack(0x4af00000,0x4af50000)]
  0x416a2c00 JavaThread "Exec Stream Pumper" daemon [_thread_in_native, id=61492, stack(0x4aeb0000,0x4af00000)]
  0x416a5000 JavaThread "Exec Stream Pumper" daemon [_thread_in_native, id=33708, stack(0x4ae20000,0x4ae70000)]
  0x4118e800 JavaThread "Exec Default Executor" daemon [_thread_in_native, id=9756, stack(0x4ad00000,0x4ad50000)]
  0x425b8000 JavaThread "pool-25-thread-1" [_thread_blocked, id=63540, stack(0x4b6f0000,0x4b740000)]
  0x425b5000 JavaThread "pool-24-thread-1" [_thread_blocked, id=69092, stack(0x4b660000,0x4b6b0000)]
  0x47161800 JavaThread "Thread-14" [_thread_blocked, id=70076, stack(0x4b5d0000,0x4b620000)]
  0x47163800 JavaThread "Exec Stream Pumper" daemon [_thread_in_native, id=8880, stack(0x4ac70000,0x4acc0000)]
  0x47167400 JavaThread "Exec Stream Pumper" daemon [_thread_in_native, id=63996, stack(0x4abe0000,0x4ac30000)]
  0x47166800 JavaThread "Exec Default Executor" daemon [_thread_in_native, id=52672, stack(0x4bca0000,0x4bcf0000)]
  0x47162c00 JavaThread "pool-23-thread-1" [_thread_blocked, id=3848, stack(0x4bc10000,0x4bc60000)]
  0x47166000 JavaThread "pool-22-thread-1" [_thread_blocked, id=9400, stack(0x4bb80000,0x4bbd0000)]
  0x47164000 JavaThread "Thread-13" [_thread_blocked, id=59076, stack(0x49b20000,0x49b70000)]
  0x47160800 JavaThread "Exec Stream Pumper" daemon [_thread_in_native, id=36984, stack(0x4c410000,0x4c460000)]
  0x47164c00 JavaThread "Exec Stream Pumper" daemon [_thread_in_native, id=52284, stack(0x4c380000,0x4c3d0000)]
  0x47160400 JavaThread "Exec Default Executor" daemon [_thread_in_native, id=65084, stack(0x49970000,0x499c0000)]
  0x47164400 JavaThread "pool-21-thread-1" [_thread_blocked, id=16596, stack(0x46f80000,0x46fd0000)]
  0x47162400 JavaThread "pool-20-thread-1" [_thread_blocked, id=14204, stack(0x469b0000,0x46a00000)]
  0x47165400 JavaThread "Thread-12" [_thread_blocked, id=71568, stack(0x468d0000,0x46920000)]
  0x47161c00 JavaThread "Exec Stream Pumper" daemon [_thread_in_native, id=29492, stack(0x49a90000,0x49ae0000)]
  0x47165c00 JavaThread "Exec Stream Pumper" daemon [_thread_in_native, id=69816, stack(0x49a00000,0x49a50000)]
  0x4156a800 JavaThread "Exec Default Executor" daemon [_thread_in_native, id=61196, stack(0x498e0000,0x49930000)]
  0x41568400 JavaThread "pool-19-thread-1" [_thread_blocked, id=62400, stack(0x49850000,0x498a0000)]
  0x4156b400 JavaThread "pool-18-thread-1" [_thread_blocked, id=62644, stack(0x496a0000,0x496f0000)]
  0x4156f800 JavaThread "Thread-11" [_thread_blocked, id=56800, stack(0x484f0000,0x48540000)]
  0x4156d000 JavaThread "Exec Stream Pumper" daemon [_thread_in_native, id=65484, stack(0x497c0000,0x49810000)]
  0x4156c800 JavaThread "Exec Stream Pumper" daemon [_thread_in_native, id=26484, stack(0x49730000,0x49780000)]
  0x4156bc00 JavaThread "Exec Default Executor" daemon [_thread_in_native, id=62352, stack(0x49610000,0x49660000)]
  0x4156e400 JavaThread "pool-17-thread-1" [_thread_blocked, id=71688, stack(0x49580000,0x495d0000)]
  0x4156ac00 JavaThread "pool-16-thread-1" [_thread_blocked, id=72604, stack(0x494f0000,0x49540000)]
  0x4156ec00 JavaThread "Thread-10" [_thread_blocked, id=35584, stack(0x49460000,0x494b0000)]
  0x4156c000 JavaThread "Exec Stream Pumper" daemon [_thread_in_native, id=53252, stack(0x493d0000,0x49420000)]
  0x4156d800 JavaThread "Exec Stream Pumper" daemon [_thread_in_native, id=63388, stack(0x49150000,0x491a0000)]
  0x4156dc00 JavaThread "Exec Default Executor" daemon [_thread_in_native, id=66572, stack(0x490c0000,0x49110000)]
  0x41569400 JavaThread "pool-15-thread-1" [_thread_blocked, id=45400, stack(0x49030000,0x49080000)]
  0x4156a000 JavaThread "pool-14-thread-1" [_thread_blocked, id=70692, stack(0x48fa0000,0x48ff0000)]
  0x4156f000 JavaThread "Thread-9" [_thread_blocked, id=3000, stack(0x48730000,0x48780000)]
  0x41569800 JavaThread "Exec Stream Pumper" daemon [_thread_in_native, id=56584, stack(0x486a0000,0x486f0000)]
  0x41190c00 JavaThread "Exec Stream Pumper" daemon [_thread_in_native, id=14776, stack(0x48610000,0x48660000)]
  0x425b8c00 JavaThread "Exec Default Executor" daemon [_thread_in_native, id=15596, stack(0x48460000,0x484b0000)]
  0x425b7800 JavaThread "pool-13-thread-1" [_thread_blocked, id=46884, stack(0x483d0000,0x48420000)]
  0x425b7400 JavaThread "pool-12-thread-1" [_thread_blocked, id=59832, stack(0x48340000,0x48390000)]
  0x425b6400 JavaThread "Thread-8" [_thread_blocked, id=32608, stack(0x48090000,0x480e0000)]
  0x425b3000 JavaThread "Exec Stream Pumper" daemon [_thread_in_native, id=58676, stack(0x481b0000,0x48200000)]
  0x425b6000 JavaThread "Exec Stream Pumper" daemon [_thread_in_native, id=58220, stack(0x48120000,0x48170000)]
  0x425b5800 JavaThread "Exec Default Executor" daemon [_thread_in_native, id=1936, stack(0x48000000,0x48050000)]
  0x425b4c00 JavaThread "pool-11-thread-1" [_thread_blocked, id=63580, stack(0x48f10000,0x48f60000)]
  0x425b3c00 JavaThread "pool-10-thread-1" [_thread_blocked, id=71260, stack(0x48e80000,0x48ed0000)]
  0x425b2800 JavaThread "Thread-7" [_thread_blocked, id=65024, stack(0x48ad0000,0x48b20000)]
  0x425b8800 JavaThread "Exec Stream Pumper" daemon [_thread_in_native, id=58772, stack(0x48cf0000,0x48d40000)]
  0x425b9c00 JavaThread "Exec Stream Pumper" daemon [_thread_in_native, id=65048, stack(0x48c60000,0x48cb0000)]
  0x425b9400 JavaThread "Exec Default Executor" daemon [_thread_in_native, id=48580, stack(0x48a40000,0x48a90000)]
  0x425b6c00 JavaThread "pool-9-thread-1" [_thread_blocked, id=13468, stack(0x489b0000,0x48a00000)]
  0x425b3400 JavaThread "pool-8-thread-1" [_thread_blocked, id=59012, stack(0x49300000,0x49350000)]
  0x4118f800 JavaThread "Thread-6" [_thread_blocked, id=59004, stack(0x48960000,0x489b0000)]
  0x41191000 JavaThread "Exec Stream Pumper" daemon [_thread_in_native, id=71596, stack(0x49270000,0x492c0000)]
  0x4118c000 JavaThread "Exec Stream Pumper" daemon [_thread_in_native, id=68652, stack(0x491e0000,0x49230000)]
  0x4118b800 JavaThread "Exec Default Executor" daemon [_thread_in_native, id=19504, stack(0x488d0000,0x48920000)]
  0x4118e000 JavaThread "pool-7-thread-1" [_thread_blocked, id=70252, stack(0x48840000,0x48890000)]
  0x41192000 JavaThread "pool-6-thread-1" [_thread_blocked, id=61832, stack(0x487b0000,0x48800000)]
  0x4118d400 JavaThread "Thread-5" [_thread_blocked, id=71304, stack(0x46d80000,0x46dd0000)]
  0x41191800 JavaThread "Exec Stream Pumper" daemon [_thread_in_native, id=53824, stack(0x46ea0000,0x46ef0000)]
  0x4118fc00 JavaThread "Exec Stream Pumper" daemon [_thread_in_native, id=61756, stack(0x46e10000,0x46e60000)]
  0x4118b400 JavaThread "Exec Default Executor" daemon [_thread_in_native, id=69140, stack(0x46cf0000,0x46d40000)]
  0x4118ac00 JavaThread "pool-5-thread-1" [_thread_blocked, id=59860, stack(0x46b60000,0x46bb0000)]
  0x41190400 JavaThread "pool-4-thread-1" [_thread_blocked, id=62928, stack(0x46ad0000,0x46b20000)]
  0x4118dc00 JavaThread "Thread-4" [_thread_blocked, id=72052, stack(0x46a40000,0x46a90000)]
  0x4118cc00 JavaThread "pool-3-thread-8" [_thread_blocked, id=56808, stack(0x466e0000,0x46730000)]
  0x4118c800 JavaThread "pool-3-thread-7" [_thread_blocked, id=64144, stack(0x464c0000,0x46510000)]
  0x41b73400 JavaThread "pool-3-thread-6" [_thread_blocked, id=51752, stack(0x013f0000,0x01440000)]
  0x41b72800 JavaThread "pool-3-thread-5" [_thread_blocked, id=63764, stack(0x01360000,0x013b0000)]
  0x41b72c00 JavaThread "pool-3-thread-4" [_thread_blocked, id=60980, stack(0x011c0000,0x01210000)]
  0x41b72000 JavaThread "pool-3-thread-3" [_thread_blocked, id=56024, stack(0x46230000,0x46280000)]
  0x41b71800 JavaThread "pool-3-thread-2" [_thread_blocked, id=63108, stack(0x461a0000,0x461f0000)]
  0x41b70c00 JavaThread "pool-3-thread-1" [_thread_blocked, id=63200, stack(0x42d50000,0x42da0000)]
  0x41b70000 JavaThread "Exec Stream Pumper" daemon [_thread_in_native, id=51388, stack(0x46840000,0x46890000)]
  0x41b70400 JavaThread "Exec Stream Pumper" daemon [_thread_in_native, id=46648, stack(0x467b0000,0x46800000)]
  0x41b71400 JavaThread "Exec Default Executor" daemon [_thread_in_native, id=5668, stack(0x46690000,0x466e0000)]
  0x40bf3800 JavaThread "pool-2-thread-1" [_thread_blocked, id=63392, stack(0x45c10000,0x45c60000)]
  0x40bf3400 JavaThread "pool-1-thread-1" [_thread_blocked, id=54344, stack(0x45b80000,0x45bd0000)]
  0x40bf2c00 JavaThread "Thread-2" [_thread_blocked, id=65980, stack(0x45af0000,0x45b40000)]
  0x41f33c00 JavaThread "AWT-Windows" daemon [_thread_in_native, id=26504, stack(0x43440000,0x43490000)]
  0x41badc00 JavaThread "Java2D Disposer" daemon [_thread_blocked, id=9884, stack(0x43320000,0x43370000)]
  0x419d7400 JavaThread "com.google.inject.internal.util.$Finalizer" daemon [_thread_blocked, id=56056, stack(0x429c0000,0x42a10000)]
  0x40b3cc00 JavaThread "surefire-forkedjvm-command-thread" daemon [_thread_blocked, id=72012, stack(0x41060000,0x410b0000)]
  0x40b36000 JavaThread "last-ditch-daemon-shutdown-thread-30sec" daemon [_thread_blocked, id=63064, stack(0x40fd0000,0x41020000)]
  0x4058e000 JavaThread "Service Thread" daemon [_thread_blocked, id=46192, stack(0x40eb0000,0x40f00000)]
  0x40606800 JavaThread "C1 CompilerThread3" daemon [_thread_blocked, id=68720, stack(0x40a20000,0x40a70000)]
  0x4058d000 JavaThread "C2 CompilerThread2" daemon [_thread_blocked, id=44932, stack(0x40990000,0x409e0000)]
  0x40590800 JavaThread "C2 CompilerThread1" daemon [_thread_blocked, id=42072, stack(0x40900000,0x40950000)]
  0x4058f800 JavaThread "C2 CompilerThread0" daemon [_thread_blocked, id=63724, stack(0x40870000,0x408c0000)]
  0x405b8400 JavaThread "Attach Listener" daemon [_thread_blocked, id=71356, stack(0x407e0000,0x40830000)]
  0x405b7800 JavaThread "Signal Dispatcher" daemon [_thread_blocked, id=33660, stack(0x40750000,0x407a0000)]
  0x40568000 JavaThread "Finalizer" daemon [_thread_blocked, id=41712, stack(0x402a0000,0x402f0000)]
  0x40563800 JavaThread "Reference Handler" daemon [_thread_blocked, id=14824, stack(0x40210000,0x40260000)]
  0x0128d400 JavaThread "main" [_thread_blocked, id=20620, stack(0x01520000,0x01570000)]

Other Threads:
  0x4040a000 VMThread [stack: 0x40180000,0x401d0000] [id=49584]
  0x40a92800 WatcherThread [stack: 0x40f40000,0x40f90000] [id=7824]

VM state:at safepoint (normal execution)

VM Mutex/Monitor currently owned by a thread:  ([mutex/lock_event])
[0x0128c6f8] Threads_lock - owner thread: 0x4040a000
[0x0128c830] Heap_lock - owner thread: 0x41b70c00

OutOfMemory and StackOverflow Exception counts:
OutOfMemoryError java_heap_errors=35

Heap:
 PSYoungGen      total 162560K, used 86268K [0x2f6c0000, 0x3e000000, 0x3e000000)
  eden space 86272K, 99% used [0x2f6c0000,0x34aff228,0x34b00000)
  from space 76288K, 0% used [0x39580000,0x39580000,0x3e000000)
  to   space 76288K, 0% used [0x34b00000,0x34b00000,0x39580000)
 ParOldGen       total 477952K, used 477709K [0x12400000, 0x2f6c0000, 0x2f6c0000)
  object space 477952K, 99% used [0x12400000,0x2f683408,0x2f6c0000)
 Metaspace       used 24416K, capacity 24712K, committed 24832K, reserved 24960K

Card table byte_map: [0x02d60000,0x02ec0000] byte_map_base: 0x02cce000

Marking Bits: (ParMarkBitMap*) 0x60aa5768
 Begin Bits: [0x3e440000, 0x3ef30000)
 End Bits:   [0x3ef30000, 0x3fa20000)

Polling page: 0x01460000

CodeCache: size=245760Kb used=19526Kb max_used=19611Kb free=226233Kb
 bounds [0x02f30000, 0x04280000, 0x11f30000]
 total_blobs=6683 nmethods=6424 adapters=173
 compilation: enabled

Compilation events (10 events):
Event: 2427.354 Thread 0x40590800 nmethod 8028 0x04278c08 code [0x04278f80, 0x0427b888]
Event: 2427.356 Thread 0x40606800 8049       3       net.thucydides.core.model.DataSet::<init> (33 bytes)
Event: 2427.510 Thread 0x40606800 nmethod 8049 0x0322dcc8 code [0x0322de20, 0x0322e184]
Event: 2427.581 Thread 0x40606800 8051       3       freemarker.core.ArithmeticEngine::toBigDecimalOrDouble (129 bytes)
Event: 2428.038 Thread 0x40606800 nmethod 8051 0x0314bc08 code [0x0314be80, 0x0314cf8c]
Event: 2428.115 Thread 0x40606800 8053       3       com.google.common.base.Splitter::splitToList (49 bytes)
Event: 2428.188 Thread 0x40606800 nmethod 8053 0x03731dc8 code [0x03731fe0, 0x03732bbc]
Event: 2428.840 Thread 0x4058d000 8054       4       freemarker.core.FMParser::DotVariable (598 bytes)
Event: 2429.374 Thread 0x40606800 8055       3       java.lang.Exception::<init> (5 bytes)
Event: 2429.374 Thread 0x40606800 nmethod 8055 0x034605c8 code [0x03460700, 0x0346092c]

GC Heap History (10 events):
Event: 2428.980 GC heap before
{Heap before GC invocations=21040 (full 13830):
 PSYoungGen      total 162560K, used 86272K [0x2f6c0000, 0x3e000000, 0x3e000000)
  eden space 86272K, 100% used [0x2f6c0000,0x34b00000,0x34b00000)
  from space 76288K, 0% used [0x39580000,0x39580000,0x3e000000)
  to   space 76288K, 0% used [0x34b00000,0x34b00000,0x39580000)
 ParOldGen       total 477952K, used 477709K [0x12400000, 0x2f6c0000, 0x2f6c0000)
  object space 477952K, 99% used [0x12400000,0x2f683408,0x2f6c0000)
 Metaspace       used 24415K, capacity 24712K, committed 24832K, reserved 24960K
Event: 2429.053 GC heap after
Heap after GC invocations=21040 (full 13830):
 PSYoungGen      total 162560K, used 86096K [0x2f6c0000, 0x3e000000, 0x3e000000)
  eden space 86272K, 99% used [0x2f6c0000,0x34ad4228,0x34b00000)
  from space 76288K, 0% used [0x39580000,0x39580000,0x3e000000)
  to   space 76288K, 0% used [0x34b00000,0x34b00000,0x39580000)
 ParOldGen       total 477952K, used 477709K [0x12400000, 0x2f6c0000, 0x2f6c0000)
  object space 477952K, 99% used [0x12400000,0x2f683408,0x2f6c0000)
 Metaspace       used 24415K, capacity 24712K, committed 24832K, reserved 24960K
}
Event: 2429.056 GC heap before
{Heap before GC invocations=21041 (full 13831):
 PSYoungGen      total 162560K, used 86272K [0x2f6c0000, 0x3e000000, 0x3e000000)
  eden space 86272K, 100% used [0x2f6c0000,0x34b00000,0x34b00000)
  from space 76288K, 0% used [0x39580000,0x39580000,0x3e000000)
  to   space 76288K, 0% used [0x34b00000,0x34b00000,0x39580000)
 ParOldGen       total 477952K, used 477709K [0x12400000, 0x2f6c0000, 0x2f6c0000)
  object space 477952K, 99% used [0x12400000,0x2f683408,0x2f6c0000)
 Metaspace       used 24415K, capacity 24712K, committed 24832K, reserved 24960K
Event: 2429.132 GC heap after
Heap after GC invocations=21041 (full 13831):
 PSYoungGen      total 162560K, used 86102K [0x2f6c0000, 0x3e000000, 0x3e000000)
  eden space 86272K, 99% used [0x2f6c0000,0x34ad5910,0x34b00000)
  from space 76288K, 0% used [0x39580000,0x39580000,0x3e000000)
  to   space 76288K, 0% used [0x34b00000,0x34b00000,0x39580000)
 ParOldGen       total 477952K, used 477709K [0x12400000, 0x2f6c0000, 0x2f6c0000)
  object space 477952K, 99% used [0x12400000,0x2f683408,0x2f6c0000)
 Metaspace       used 24415K, capacity 24712K, committed 24832K, reserved 24960K
}
Event: 2429.136 GC heap before
{Heap before GC invocations=21042 (full 13832):
 PSYoungGen      total 162560K, used 86272K [0x2f6c0000, 0x3e000000, 0x3e000000)
  eden space 86272K, 100% used [0x2f6c0000,0x34b00000,0x34b00000)
  from space 76288K, 0% used [0x39580000,0x39580000,0x3e000000)
  to   space 76288K, 0% used [0x34b00000,0x34b00000,0x39580000)
 ParOldGen       total 477952K, used 477709K [0x12400000, 0x2f6c0000, 0x2f6c0000)
  object space 477952K, 99% used [0x12400000,0x2f683408,0x2f6c0000)
 Metaspace       used 24415K, capacity 24712K, committed 24832K, reserved 24960K
Event: 2429.209 GC heap after
Heap after GC invocations=21042 (full 13832):
 PSYoungGen      total 162560K, used 86137K [0x2f6c0000, 0x3e000000, 0x3e000000)
  eden space 86272K, 99% used [0x2f6c0000,0x34ade590,0x34b00000)
  from space 76288K, 0% used [0x39580000,0x39580000,0x3e000000)
  to   space 76288K, 0% used [0x34b00000,0x34b00000,0x39580000)
 ParOldGen       total 477952K, used 477709K [0x12400000, 0x2f6c0000, 0x2f6c0000)
  object space 477952K, 99% used [0x12400000,0x2f683408,0x2f6c0000)
 Metaspace       used 24415K, capacity 24712K, committed 24832K, reserved 24960K
}
Event: 2429.213 GC heap before
{Heap before GC invocations=21043 (full 13833):
 PSYoungGen      total 162560K, used 86272K [0x2f6c0000, 0x3e000000, 0x3e000000)
  eden space 86272K, 100% used [0x2f6c0000,0x34b00000,0x34b00000)
  from space 76288K, 0% used [0x39580000,0x39580000,0x3e000000)
  to   space 76288K, 0% used [0x34b00000,0x34b00000,0x39580000)
 ParOldGen       total 477952K, used 477709K [0x12400000, 0x2f6c0000, 0x2f6c0000)
  object space 477952K, 99% used [0x12400000,0x2f683408,0x2f6c0000)
 Metaspace       used 24415K, capacity 24712K, committed 24832K, reserved 24960K
Event: 2429.296 GC heap after
Heap after GC invocations=21043 (full 13833):
 PSYoungGen      total 162560K, used 86138K [0x2f6c0000, 0x3e000000, 0x3e000000)
  eden space 86272K, 99% used [0x2f6c0000,0x34adead8,0x34b00000)
  from space 76288K, 0% used [0x39580000,0x39580000,0x3e000000)
  to   space 76288K, 0% used [0x34b00000,0x34b00000,0x39580000)
 ParOldGen       total 477952K, used 477709K [0x12400000, 0x2f6c0000, 0x2f6c0000)
  object space 477952K, 99% used [0x12400000,0x2f683408,0x2f6c0000)
 Metaspace       used 24415K, capacity 24712K, committed 24832K, reserved 24960K
}
Event: 2429.298 GC heap before
{Heap before GC invocations=21044 (full 13834):
 PSYoungGen      total 162560K, used 86272K [0x2f6c0000, 0x3e000000, 0x3e000000)
  eden space 86272K, 100% used [0x2f6c0000,0x34b00000,0x34b00000)
  from space 76288K, 0% used [0x39580000,0x39580000,0x3e000000)
  to   space 76288K, 0% used [0x34b00000,0x34b00000,0x39580000)
 ParOldGen       total 477952K, used 477709K [0x12400000, 0x2f6c0000, 0x2f6c0000)
  object space 477952K, 99% used [0x12400000,0x2f683408,0x2f6c0000)
 Metaspace       used 24415K, capacity 24712K, committed 24832K, reserved 24960K
Event: 2429.373 GC heap after
Heap after GC invocations=21044 (full 13834):
 PSYoungGen      total 162560K, used 86134K [0x2f6c0000, 0x3e000000, 0x3e000000)
  eden space 86272K, 99% used [0x2f6c0000,0x34adda78,0x34b00000)
  from space 76288K, 0% used [0x39580000,0x39580000,0x3e000000)
  to   space 76288K, 0% used [0x34b00000,0x34b00000,0x39580000)
 ParOldGen       total 477952K, used 477709K [0x12400000, 0x2f6c0000, 0x2f6c0000)
  object space 477952K, 99% used [0x12400000,0x2f683408,0x2f6c0000)
 Metaspace       used 24415K, capacity 24712K, committed 24832K, reserved 24960K
}

Deoptimization events (10 events):
Event: 1941.227 Thread 0x47162c00 Uncommon trap: reason=unstable_if action=reinterpret pc=0x03779c70 method=java.util.concurrent.ArrayBlockingQueue.put(Ljava/lang/Object;)V @ 22
Event: 1949.198 Thread 0x40bf3800 Uncommon trap: reason=unstable_if action=reinterpret pc=0x037af7f0 method=java.util.concurrent.ArrayBlockingQueue.put(Ljava/lang/Object;)V @ 22
Event: 2000.251 Thread 0x41b72000 Uncommon trap: reason=class_check action=maybe_recompile pc=0x03b07274 method=java.util.concurrent.ThreadPoolExecutor.runWorker(Ljava/util/concurrent/ThreadPoolExecutor$Worker;)V @ 95
Event: 2108.146 Thread 0x0128d400 Uncommon trap: reason=unstable_if action=reinterpret pc=0x039eaf98 method=java.net.URL.<init>(Ljava/net/URL;Ljava/lang/String;Ljava/net/URLStreamHandler;)V @ 199
Event: 2420.695 Thread 0x41bae000 Uncommon trap: reason=unstable_if action=reinterpret pc=0x03bbeb48 method=sun.awt.AWTAutoShutdown.run()V @ 51
Event: 2420.772 Thread 0x41f33c00 Uncommon trap: reason=unstable_if action=reinterpret pc=0x037afd0c method=sun.awt.AWTAutoShutdown.setToolkitBusy(Z)V @ 38
Event: 2424.762 Thread 0x4118cc00 Uncommon trap: reason=null_check action=make_not_entrant pc=0x040c62b4 method=java.text.Collator.getInstance(Ljava/util/Locale;)Ljava/text/Collator; @ 115
Event: 2424.926 Thread 0x41b72c00 Uncommon trap: reason=unstable_if action=reinterpret pc=0x03d9c98c method=ch.lambdaj.function.argument.InvocationSequence.equals(Ljava/lang/Object;)Z @ 1
Event: 2424.927 Thread 0x41b72c00 Uncommon trap: reason=unstable_if action=reinterpret pc=0x03b4bfd8 method=ch.lambdaj.function.argument.InvocationSequence.equals(Ljava/lang/Object;)Z @ 1
Event: 2426.979 Thread 0x41f33c00 Uncommon trap: reason=unstable_if action=reinterpret pc=0x036a183c method=sun.awt.AWTAutoShutdown.setToolkitBusy(Z)V @ 38

Classes redefined (0 events):
No events

Internal exceptions (10 events):
Event: 2424.927 Thread 0x41b72c00 Implicit null exception at 0x03b4b734 to 0x03b4bfad
Event: 2425.171 Thread 0x41b71800 Exception <a 'java/lang/OutOfMemoryError'> (0x12584800) thrown at [C:\wsjdk\Corretto8Src\installers\windows\zip\corretto-build\buildRoot\src\hotspot\src\share\vm\gc_interface/collectedHeap.inline.hpp, line 179]
Event: 2426.071 Thread 0x41b73400 Exception <a 'java/lang/OutOfMemoryError'> (0x12584800) thrown at [C:\wsjdk\Corretto8Src\installers\windows\zip\corretto-build\buildRoot\src\hotspot\src\share\vm\gc_interface/collectedHeap.inline.hpp, line 179]
Event: 2426.428 Thread 0x41b73400 Exception <a 'java/lang/OutOfMemoryError'> (0x12584800) thrown at [C:\wsjdk\Corretto8Src\installers\windows\zip\corretto-build\buildRoot\src\hotspot\src\share\vm\gc_interface/collectedHeap.inline.hpp, line 179]
Event: 2426.428 Thread 0x41b73400 Exception <a 'java/lang/OutOfMemoryError'> (0x12584800) thrown at [C:\wsjdk\Corretto8Src\installers\windows\zip\corretto-build\buildRoot\src\hotspot\src\share\vm\prims\jvm.cpp, line 1528]
Event: 2426.825 Thread 0x41b72800 Exception <a 'java/lang/OutOfMemoryError'> (0x12584800) thrown at [C:\wsjdk\Corretto8Src\installers\windows\zip\corretto-build\buildRoot\src\hotspot\src\share\vm\gc_interface/collectedHeap.inline.hpp, line 179]
Event: 2427.796 Thread 0x0128d400 Exception <a 'java/lang/OutOfMemoryError'> (0x12584780) thrown at [C:\wsjdk\Corretto8Src\installers\windows\zip\corretto-build\buildRoot\src\hotspot\src\share\vm\gc_interface/collectedHeap.inline.hpp, line 168]
Event: 2428.623 Thread 0x41b71800 Exception <a 'java/lang/OutOfMemoryError'> (0x12584800) thrown at [C:\wsjdk\Corretto8Src\installers\windows\zip\corretto-build\buildRoot\src\hotspot\src\share\vm\gc_interface/collectedHeap.inline.hpp, line 179]
Event: 2428.980 Thread 0x41b72c00 Exception <a 'java/lang/OutOfMemoryError'> (0x12584800) thrown at [C:\wsjdk\Corretto8Src\installers\windows\zip\corretto-build\buildRoot\src\hotspot\src\share\vm\gc_interface/collectedHeap.inline.hpp, line 179]
Event: 2429.374 Thread 0x416a3400 Exception <a 'java/lang/OutOfMemoryError'> (0x12584800) thrown at [C:\wsjdk\Corretto8Src\installers\windows\zip\corretto-build\buildRoot\src\hotspot\src\share\vm\gc_interface/collectedHeap.inline.hpp, line 179]

Events (10 events):
Event: 2429.134 Executing VM operation: ParallelGCFailedAllocation
Event: 2429.209 Executing VM operation: ParallelGCFailedAllocation done
Event: 2429.210 Executing VM operation: RevokeBias
Event: 2429.211 Executing VM operation: RevokeBias done
Event: 2429.211 Thread 0x42380400 Thread exited: 0x42380400
Event: 2429.211 Executing VM operation: ParallelGCFailedAllocation
Event: 2429.296 Executing VM operation: ParallelGCFailedAllocation done
Event: 2429.297 Executing VM operation: ParallelGCFailedAllocation
Event: 2429.374 Executing VM operation: ParallelGCFailedAllocation done
Event: 2429.377 Executing VM operation: ParallelGCFailedAllocation


Dynamic libraries:
0x00920000 - 0x00955000 	C:\temp\jdk1.8.0_332\jre\bin\java.exe
0x77990000 - 0x77b34000 	C:\WINDOWS\SYSTEM32\ntdll.dll
0x76290000 - 0x76380000 	C:\WINDOWS\System32\KERNEL32.DLL
0x76f90000 - 0x771a9000 	C:\WINDOWS\System32\KERNELBASE.dll
0x6eb10000 - 0x6ebaf000 	C:\WINDOWS\SYSTEM32\apphelp.dll
0x76690000 - 0x7670b000 	C:\WINDOWS\System32\ADVAPI32.dll
0x76ad0000 - 0x76b8f000 	C:\WINDOWS\System32\msvcrt.dll
0x769c0000 - 0x76a36000 	C:\WINDOWS\System32\sechost.dll
0x75990000 - 0x75a4e000 	C:\WINDOWS\System32\RPCRT4.dll
0x76380000 - 0x7651b000 	C:\WINDOWS\System32\USER32.dll
0x771c0000 - 0x771d8000 	C:\WINDOWS\System32\win32u.dll
0x76c50000 - 0x76c73000 	C:\WINDOWS\System32\GDI32.dll
0x761a0000 - 0x7627d000 	C:\WINDOWS\System32\gdi32full.dll
0x76610000 - 0x7668b000 	C:\WINDOWS\System32\msvcp_win.dll
0x767c0000 - 0x768e0000 	C:\WINDOWS\System32\ucrtbase.dll
0x6e900000 - 0x6eb10000 	C:\WINDOWS\WinSxS\x86_microsoft.windows.common-controls_6595b64144ccf1df_6.0.19041.1110_none_a8625c1886757984\COMCTL32.dll
0x76c80000 - 0x76ca5000 	C:\WINDOWS\System32\IMM32.DLL
0x60f00000 - 0x60fee000 	C:\temp\jdk1.8.0_332\jre\bin\msvcr120.dll
0x610d0000 - 0x61141000 	C:\temp\jdk1.8.0_332\jre\bin\msvcp120.dll
0x604f0000 - 0x60b0f000 	C:\temp\jdk1.8.0_332\jre\bin\server\jvm.dll
0x758c0000 - 0x758c6000 	C:\WINDOWS\System32\PSAPI.DLL
0x73e90000 - 0x73e98000 	C:\WINDOWS\SYSTEM32\WSOCK32.dll
0x74660000 - 0x74668000 	C:\WINDOWS\SYSTEM32\VERSION.dll
0x758d0000 - 0x75933000 	C:\WINDOWS\System32\WS2_32.dll
0x73d00000 - 0x73d28000 	C:\WINDOWS\SYSTEM32\WINMM.dll
0x617f0000 - 0x617fd000 	C:\temp\jdk1.8.0_332\jre\bin\verify.dll
0x61030000 - 0x61054000 	C:\temp\jdk1.8.0_332\jre\bin\java.dll
0x617d0000 - 0x617e4000 	C:\temp\jdk1.8.0_332\jre\bin\zip.dll
0x75b50000 - 0x76105000 	C:\WINDOWS\System32\SHELL32.dll
0x70aa0000 - 0x710ad000 	C:\WINDOWS\SYSTEM32\windows.storage.dll
0x772c0000 - 0x77540000 	C:\WINDOWS\System32\combase.dll
0x70a70000 - 0x70a97000 	C:\WINDOWS\SYSTEM32\Wldp.dll
0x76a40000 - 0x76ac7000 	C:\WINDOWS\System32\SHCORE.dll
0x76710000 - 0x76755000 	C:\WINDOWS\System32\shlwapi.dll
0x70a50000 - 0x70a68000 	C:\WINDOWS\SYSTEM32\profapi.dll
0x61010000 - 0x61026000 	C:\temp\jdk1.8.0_332\jre\bin\net.dll
0x70010000 - 0x70062000 	C:\WINDOWS\system32\mswsock.dll
0x610b0000 - 0x610bf000 	C:\temp\jdk1.8.0_332\jre\bin\nio.dll
0x60db0000 - 0x60ef9000 	C:\temp\jdk1.8.0_332\jre\bin\awt.dll
0x76cb0000 - 0x76d46000 	C:\WINDOWS\System32\OLEAUT32.dll
0x6e2f0000 - 0x6e364000 	C:\WINDOWS\system32\uxtheme.dll
0x768e0000 - 0x769b4000 	C:\WINDOWS\System32\MSCTF.dll
0x76520000 - 0x76603000 	C:\WINDOWS\System32\ole32.dll
0x73920000 - 0x7392f000 	C:\WINDOWS\SYSTEM32\kernel.appcore.dll
0x75860000 - 0x758bf000 	C:\WINDOWS\System32\bcryptPrimitives.dll
0x6b730000 - 0x6b756000 	C:\WINDOWS\system32\DWMAPI.DLL
0x66f60000 - 0x67064000 	C:\WINDOWS\system32\opengl32.dll
0x66f20000 - 0x66f5f000 	C:\WINDOWS\SYSTEM32\GLU32.dll
0x66560000 - 0x6658c000 	C:\WINDOWS\SYSTEM32\dxcore.dll
0x76bb0000 - 0x76beb000 	C:\WINDOWS\System32\cfgmgr32.dll
0x73d70000 - 0x73e00000 	C:\WINDOWS\SYSTEM32\DNSAPI.dll
0x73d30000 - 0x73d62000 	C:\WINDOWS\SYSTEM32\IPHLPAPI.DLL
0x76280000 - 0x76287000 	C:\WINDOWS\System32\NSI.dll
0x708b0000 - 0x708b8000 	C:\Windows\System32\rasadhlp.dll
0x6eef0000 - 0x6ef49000 	C:\WINDOWS\System32\fwpuclnt.dll
0x76d50000 - 0x76d69000 	C:\WINDOWS\System32\bcrypt.dll
0x60d80000 - 0x60da3000 	C:\temp\jdk1.8.0_332\jre\bin\sunec.dll
0x70a30000 - 0x70a43000 	C:\WINDOWS\SYSTEM32\CRYPTSP.dll
0x70a00000 - 0x70a2f000 	C:\WINDOWS\system32\rsaenh.dll
0x74680000 - 0x746a5000 	C:\WINDOWS\SYSTEM32\USERENV.dll
0x738e0000 - 0x738ea000 	C:\WINDOWS\SYSTEM32\CRYPTBASE.dll
0x708c0000 - 0x708d4000 	C:\WINDOWS\SYSTEM32\dhcpcsvc6.DLL
0x70070000 - 0x70086000 	C:\WINDOWS\SYSTEM32\dhcpcsvc.DLL
0x62090000 - 0x620a1000 	C:\WINDOWS\system32\napinsp.dll
0x62070000 - 0x62086000 	C:\WINDOWS\system32\pnrpnsp.dll
0x62060000 - 0x62070000 	C:\WINDOWS\system32\wshbth.dll
0x62b00000 - 0x62b16000 	C:\WINDOWS\system32\NLAapi.dll
0x62050000 - 0x6205e000 	C:\WINDOWS\System32\winrnr.dll
0x671e0000 - 0x6736f000 	C:\WINDOWS\system32\d3d9.dll
0x66590000 - 0x66b52000 	C:\WINDOWS\SYSTEM32\d3d10warp.dll
0x6e770000 - 0x6e8f8000 	C:\WINDOWS\SYSTEM32\dbghelp.dll

VM Arguments:
java_command: C:\temp\apache-maven-3.6.0\bin\target\surefire\surefirebooter2329810591114700127.jar C:\temp\apache-maven-3.6.0\bin\target\surefire\surefire6849503442202278989tmp C:\temp\apache-maven-3.6.0\bin\target\surefire\surefire_02565115070910016771tmp
java_class_path (initial): C:\temp\apache-maven-3.6.0\bin\target\surefire\surefirebooter2329810591114700127.jar
Launcher Type: SUN_STANDARD

Environment Variables:
JAVA_HOME=C:\temp\jdk1.8.0_332
PATH=C:\Program Files (x86)\Common Files\Oracle\Java\javapath;C:\Oracle\product\12.2.0\client_1\bin;C:\WINDOWS\system32;C:\WINDOWS;C:\WINDOWS\System32\Wbem;C:\WINDOWS\System32\WindowsPowerShell\v1.0\;C:\WINDOWS\System32\OpenSSH\;C:\ProgramData\chocolatey\bin;C:\Users\mel.azure.build\AppData\Local\Microsoft\WindowsApps;
USERNAME=mel.azure.build
OS=Windows_NT
PROCESSOR_IDENTIFIER=AMD64 Family 23 Model 49 Stepping 0, AuthenticAMD



---------------  S Y S T E M  ---------------

OS: Windows 10.0 , 64 bit Build 19041 (10.0.19041.1889)

CPU:total 8 (initial active 8) (8 cores per cpu, 1 threads per core) family 23 model 49 stepping 0, cmov, cx8, fxsr, mmx, sse, sse2, sse3, ssse3, sse4.1, sse4.2, popcnt, avx, avx2, aes, clmul, mmxext, 3dnowpref, lzcnt, sse4a, tsc, bmi1

Memory: 4k page, physical 67108324k(46883284k free), swap 77069796k(35502396k free)

vm_info: OpenJDK Server VM (25.332-b08) for windows-x86 JRE (1.8.0_332-b08), built on Apr 16 2022 08:25:26 by "Administrator" with MS VC++ 12.0 (VS2013)

time: Thu Oct 27 19:56:27 2022
timezone: E. Australia Standard Time
elapsed time: 2429.447340 seconds (0d 0h 40m 29s)

