#
# A fatal error has been detected by the Java Runtime Environment:
#
#  EXCEPTION_UNCAUGHT_CXX_EXCEPTION (0xe06d7363) at pc=0x75dbdf72, pid=7328, tid=0x00001c78
#
# JRE version: OpenJDK Runtime Environment (8.0_332-b08) (build 1.8.0_332-b08)
# Java VM: OpenJDK Server VM (25.332-b08 mixed mode windows-x86 )
# Problematic frame:
# C  [KERNELBASE.dll+0x12df72]
#
# Failed to write core dump. Minidumps are not enabled by default on client versions of Windows
#
# If you would like to submit a bug report, please visit:
#   https://github.com/corretto/corretto-8/issues/
# The crash happened outside the Java Virtual Machine in native code.
# See problematic frame for where to report the bug.
#

---------------  T H R E A D  ---------------

Current thread (0x41cab800):  JavaThread "pool-27-thread-1" [_thread_in_native, id=7288, stack(0x484e0000,0x48530000)]

siginfo: ExceptionCode=0xe06d7363, ExceptionInformation=0x19930520 0x4852fa0f 0x6127f518 

Registers:
EAX=0x4852f950, EBX=0x00000000, ECX=0x00000003, EDX=0x00000000
ESP=0x4852f950, EBP=0x4852f9ac, ESI=0x6127f518, EDI=0x4852fa0f
EIP=0x75dbdf72, EFLAGS=0x00000216

Top of Stack: (sp=0x4852f950)
0x4852f950:   e06d7363 00000001 00000000 75dbdf72
0x4852f960:   00000003 19930520 4852fa0f 6127f518
0x4852f970:   fffffffe 4852f9d4 612f8600 6ba5e9f0
0x4852f980:   41cab9a0 41cab800 6ba5e9e4 41cab9a0
0x4852f990:   41cab800 6ba5e9e8 41cab9a0 41cab800
0x4852f9a0:   456baa78 bd05636e 456baa74 4852f9ec
0x4852f9b0:   61928a19 e06d7363 00000001 00000003
0x4852f9c0:   4852f9e0 456baa74 41cab9a0 e06d7363 

Instructions: (pc=0x75dbdf72)
0x75dbdf52:   89 44 24 10 c1 e0 02 50 51 8d 44 24 1c 50 e8 9f
0x75dbdf62:   f3 00 00 83 c4 0c 8d 04 24 50 ff 15 10 34 e7 75
0x75dbdf72:   8b 4c 24 54 33 cc e8 23 4f 00 00 8b e5 5d c2 10
0x75dbdf82:   00 83 64 24 10 00 eb de 6a 0f 58 eb c3 cc cc cc 


Register to memory mapping:

EAX=0x4852f950 is pointing into the stack for thread: 0x41cab800
EBX=0x00000000 is an unknown value
ECX=0x00000003 is an unknown value
EDX=0x00000000 is an unknown value
ESP=0x4852f950 is pointing into the stack for thread: 0x41cab800
EBP=0x4852f9ac is pointing into the stack for thread: 0x41cab800
ESI=0x6127f518 is an unknown value
EDI=0x4852fa0f is pointing into the stack for thread: 0x41cab800


Stack: [0x484e0000,0x48530000],  sp=0x4852f950,  free space=318k
Native frames: (J=compiled Java code, j=interpreted, Vv=VM code, C=native code)
C  [KERNELBASE.dll+0x12df72]
C  [msvcr120.dll+0x18a19]
C  [awt.dll+0xb4c56]
C  [awt.dll+0xae5f9]

Java frames: (J=compiled Java code, j=interpreted, Vv=VM code)
J 2314  sun.awt.Win32GraphicsConfig.getBounds(I)Ljava/awt/Rectangle; (0 bytes) @ 0x0287c363 [0x0287c320+0x43]
J 3792 C2 java.awt.MouseInfo.getPointerInfo()Ljava/awt/PointerInfo; (143 bytes) @ 0x02fa757c [0x02fa7340+0x23c]
J 3831 C2 org.monte.screenrecorder.ScreenRecorder$MouseGrabber.run()V (31 bytes) @ 0x02fb154c [0x02fb14a0+0xac]
J 7265 C2 java.util.concurrent.ScheduledThreadPoolExecutor$ScheduledFutureTask.run()V (59 bytes) @ 0x03008508 [0x03008440+0xc8]
J 6223 C2 java.util.concurrent.ThreadPoolExecutor.runWorker(Ljava/util/concurrent/ThreadPoolExecutor$Worker;)V (225 bytes) @ 0x035528a4 [0x03552700+0x1a4]
j  java.util.concurrent.ThreadPoolExecutor$Worker.run()V+5
j  java.lang.Thread.run()V+11
v  ~StubRoutines::call_stub

---------------  P R O C E S S  ---------------

Java Threads: ( => current thread )
  0x4043ac00 JavaThread "Exec Stream Pumper" daemon [_thread_in_native, id=1164, stack(0x499e0000,0x49a30000)]
  0x40439000 JavaThread "Exec Stream Pumper" daemon [_thread_in_native, id=11744, stack(0x42f00000,0x42f50000)]
  0x4043b400 JavaThread "UrlChecker-20" daemon [_thread_blocked, id=15208, stack(0x49950000,0x499a0000)]
  0x45652000 JavaThread "Exec Default Executor" daemon [_thread_in_native, id=2436, stack(0x498c0000,0x49910000)]
  0x405f0800 JavaThread "pool-46-thread-1" [_thread_blocked, id=13392, stack(0x49830000,0x49880000)]
  0x455df400 JavaThread "pool-45-thread-1" [_thread_blocked, id=20484, stack(0x4a0c0000,0x4a110000)]
  0x455e1c00 JavaThread "Thread-26" [_thread_blocked, id=21200, stack(0x4a030000,0x4a080000)]
  0x455dec00 JavaThread "Image Fetcher 1" daemon [_thread_blocked, id=7740, stack(0x497a0000,0x497f0000)]
  0x455e0800 JavaThread "Image Fetcher 0" daemon [_thread_blocked, id=8124, stack(0x42c90000,0x42ce0000)]
  0x455df800 JavaThread "Thread-25" [_thread_blocked, id=18368, stack(0x49540000,0x49590000)]
  0x455e4400 JavaThread "Exec Stream Pumper" daemon [_thread_in_native, id=18032, stack(0x49660000,0x496b0000)]
  0x455e3c00 JavaThread "Exec Stream Pumper" daemon [_thread_in_native, id=9068, stack(0x495d0000,0x49620000)]
  0x455de400 JavaThread "Exec Default Executor" daemon [_thread_in_native, id=3020, stack(0x494b0000,0x49500000)]
  0x455e3000 JavaThread "pool-43-thread-1" [_thread_blocked, id=19776, stack(0x49420000,0x49470000)]
  0x455e4c00 JavaThread "pool-42-thread-1" [_thread_blocked, id=1100, stack(0x49390000,0x493e0000)]
  0x455e2400 JavaThread "Thread-24" [_thread_blocked, id=21104, stack(0x491e0000,0x49230000)]
  0x455e5000 JavaThread "Exec Stream Pumper" daemon [_thread_in_native, id=10360, stack(0x49300000,0x49350000)]
  0x455e3800 JavaThread "Exec Stream Pumper" daemon [_thread_in_native, id=9496, stack(0x49270000,0x492c0000)]
  0x455e1400 JavaThread "Exec Default Executor" daemon [_thread_in_native, id=18444, stack(0x49150000,0x491a0000)]
  0x455e0c00 JavaThread "pool-41-thread-1" [_thread_blocked, id=15940, stack(0x490c0000,0x49110000)]
  0x455e0000 JavaThread "pool-40-thread-1" [_thread_blocked, id=10744, stack(0x49030000,0x49080000)]
  0x455e2800 JavaThread "Thread-23" [_thread_blocked, id=19560, stack(0x48fa0000,0x48ff0000)]
  0x4153d000 JavaThread "Thread-22" [_thread_blocked, id=16608, stack(0x48f10000,0x48f60000)]
  0x405f4400 JavaThread "Thread-21" [_thread_blocked, id=15232, stack(0x48e80000,0x48ed0000)]
  0x4564e800 JavaThread "Exec Stream Pumper" daemon [_thread_in_native, id=688, stack(0x49710000,0x49760000)]
  0x405f1c00 JavaThread "Exec Stream Pumper" daemon [_thread_in_native, id=13888, stack(0x4a6f0000,0x4a740000)]
  0x405f0000 JavaThread "Exec Default Executor" daemon [_thread_in_native, id=2892, stack(0x48df0000,0x48e40000)]
  0x405efc00 JavaThread "pool-36-thread-1" [_thread_blocked, id=18680, stack(0x48b10000,0x48b60000)]
  0x405ee800 JavaThread "Thread-20" [_thread_blocked, id=21476, stack(0x47550000,0x475a0000)]
  0x405f1000 JavaThread "Exec Stream Pumper" daemon [_thread_in_native, id=5352, stack(0x48c30000,0x48c80000)]
  0x405eec00 JavaThread "Exec Stream Pumper" daemon [_thread_in_native, id=9576, stack(0x48ba0000,0x48bf0000)]
  0x405f4000 JavaThread "Exec Default Executor" daemon [_thread_in_native, id=19896, stack(0x48a80000,0x48ad0000)]
  0x405f5400 JavaThread "pool-35-thread-1" [_thread_blocked, id=20420, stack(0x489f0000,0x48a40000)]
  0x405f4c00 JavaThread "pool-34-thread-1" [_thread_blocked, id=14476, stack(0x48840000,0x48890000)]
  0x405f3800 JavaThread "Thread-19" [_thread_blocked, id=18456, stack(0x483e0000,0x48430000)]
  0x405f3000 JavaThread "Exec Stream Pumper" daemon [_thread_in_native, id=7940, stack(0x48960000,0x489b0000)]
  0x405f2800 JavaThread "Exec Stream Pumper" daemon [_thread_in_native, id=15108, stack(0x488d0000,0x48920000)]
  0x405ef400 JavaThread "Exec Default Executor" daemon [_thread_in_native, id=16600, stack(0x487b0000,0x48800000)]
  0x405f2400 JavaThread "pool-33-thread-1" [_thread_blocked, id=18216, stack(0x48720000,0x48770000)]
  0x405ee000 JavaThread "pool-32-thread-1" [_thread_blocked, id=14208, stack(0x48690000,0x486e0000)]
  0x4564f000 JavaThread "Thread-18" [_thread_blocked, id=10696, stack(0x48600000,0x48650000)]
  0x4153b800 JavaThread "Exec Stream Pumper" daemon [_thread_in_native, id=18724, stack(0x48570000,0x485c0000)]
  0x45652400 JavaThread "Exec Stream Pumper" daemon [_thread_in_native, id=1792, stack(0x48470000,0x484c0000)]
  0x45651800 JavaThread "Exec Default Executor" daemon [_thread_in_native, id=1036, stack(0x48350000,0x483a0000)]
  0x45651000 JavaThread "pool-31-thread-1" [_thread_blocked, id=16124, stack(0x482c0000,0x48310000)]
  0x45655400 JavaThread "pool-30-thread-1" [_thread_blocked, id=14632, stack(0x47ed0000,0x47f20000)]
  0x45654000 JavaThread "Thread-17" [_thread_blocked, id=16884, stack(0x47d20000,0x47d70000)]
  0x4564f800 JavaThread "Exec Stream Pumper" daemon [_thread_in_native, id=5396, stack(0x48230000,0x48280000)]
  0x45650c00 JavaThread "Exec Stream Pumper" daemon [_thread_in_native, id=5468, stack(0x481a0000,0x481f0000)]
  0x4564e400 JavaThread "Exec Default Executor" daemon [_thread_in_native, id=11824, stack(0x48110000,0x48160000)]
  0x45653c00 JavaThread "pool-29-thread-1" [_thread_blocked, id=16216, stack(0x48080000,0x480d0000)]
  0x45652c00 JavaThread "pool-28-thread-1" [_thread_blocked, id=19672, stack(0x47ff0000,0x48040000)]
  0x45650400 JavaThread "Thread-16" [_thread_blocked, id=13416, stack(0x47f60000,0x47fb0000)]
  0x45653400 JavaThread "Exec Stream Pumper" daemon [_thread_in_native, id=19424, stack(0x47e40000,0x47e90000)]
  0x4564fc00 JavaThread "Exec Stream Pumper" daemon [_thread_in_native, id=3852, stack(0x47db0000,0x47e00000)]
  0x45655000 JavaThread "Exec Default Executor" daemon [_thread_in_native, id=8456, stack(0x48d60000,0x48db0000)]
=>0x41cab800 JavaThread "pool-27-thread-1" [_thread_in_native, id=7288, stack(0x484e0000,0x48530000)]
  0x41cab000 JavaThread "pool-26-thread-1" [_thread_blocked, id=14648, stack(0x47c00000,0x47c50000)]
  0x4153ec00 JavaThread "Thread-15" [_thread_blocked, id=20468, stack(0x47b70000,0x47bc0000)]
  0x4153e400 JavaThread "Exec Stream Pumper" daemon [_thread_in_native, id=14032, stack(0x479e0000,0x47a30000)]
  0x4153b000 JavaThread "Exec Stream Pumper" daemon [_thread_in_native, id=13608, stack(0x475e0000,0x47630000)]
  0x4153f400 JavaThread "Exec Default Executor" daemon [_thread_in_native, id=5920, stack(0x474c0000,0x47510000)]
  0x4153e000 JavaThread "pool-25-thread-1" [_thread_blocked, id=21192, stack(0x47430000,0x47480000)]
  0x4153d800 JavaThread "pool-24-thread-1" [_thread_blocked, id=15832, stack(0x47280000,0x472d0000)]
  0x41538c00 JavaThread "Thread-14" [_thread_blocked, id=6628, stack(0x46c40000,0x46c90000)]
  0x4153a800 JavaThread "Exec Stream Pumper" daemon [_thread_in_native, id=14544, stack(0x473a0000,0x473f0000)]
  0x4153a000 JavaThread "Exec Stream Pumper" daemon [_thread_in_native, id=20064, stack(0x47310000,0x47360000)]
  0x41539c00 JavaThread "Exec Default Executor" daemon [_thread_in_native, id=6544, stack(0x471f0000,0x47240000)]
  0x41540000 JavaThread "pool-23-thread-1" [_thread_blocked, id=21284, stack(0x47160000,0x471b0000)]
  0x41539400 JavaThread "pool-22-thread-1" [_thread_blocked, id=1928, stack(0x470d0000,0x47120000)]
  0x4153bc00 JavaThread "Thread-13" [_thread_blocked, id=20128, stack(0x46f20000,0x46f70000)]
  0x4153c400 JavaThread "Exec Stream Pumper" daemon [_thread_in_native, id=20208, stack(0x47040000,0x47090000)]
  0x4153f800 JavaThread "Exec Stream Pumper" daemon [_thread_in_native, id=20004, stack(0x46fb0000,0x47000000)]
  0x4153cc00 JavaThread "Exec Default Executor" daemon [_thread_in_native, id=19284, stack(0x46e90000,0x46ee0000)]
  0x4113b400 JavaThread "pool-21-thread-1" [_thread_blocked, id=7304, stack(0x47950000,0x479a0000)]
  0x41a28000 JavaThread "pool-20-thread-1" [_thread_blocked, id=15196, stack(0x478c0000,0x47910000)]
  0x41cacc00 JavaThread "Thread-12" [_thread_blocked, id=10248, stack(0x47830000,0x47880000)]
  0x41caa800 JavaThread "Exec Stream Pumper" daemon [_thread_in_native, id=15372, stack(0x477a0000,0x477f0000)]
  0x41caa400 JavaThread "Exec Stream Pumper" daemon [_thread_in_native, id=17760, stack(0x46d70000,0x46dc0000)]
  0x41ca9c00 JavaThread "Exec Default Executor" daemon [_thread_in_native, id=5752, stack(0x46a90000,0x46ae0000)]
  0x41cac400 JavaThread "pool-19-thread-1" [_thread_blocked, id=12228, stack(0x467c0000,0x46810000)]
  0x41ca9400 JavaThread "pool-18-thread-1" [_thread_blocked, id=2272, stack(0x43a50000,0x43aa0000)]
  0x41ca7400 JavaThread "Thread-11" [_thread_blocked, id=13688, stack(0x438a0000,0x438f0000)]
  0x41ca9000 JavaThread "Exec Stream Pumper" daemon [_thread_in_native, id=2992, stack(0x46bb0000,0x46c00000)]
  0x41ca8800 JavaThread "Exec Stream Pumper" daemon [_thread_in_native, id=19104, stack(0x46b20000,0x46b70000)]
  0x41cabc00 JavaThread "Exec Default Executor" daemon [_thread_in_native, id=19392, stack(0x46a00000,0x46a50000)]
  0x41ca6c00 JavaThread "pool-17-thread-1" [_thread_blocked, id=21308, stack(0x46970000,0x469c0000)]
  0x41ca8000 JavaThread "pool-16-thread-1" [_thread_blocked, id=9196, stack(0x468e0000,0x46930000)]
  0x41cad800 JavaThread "Thread-10" [_thread_blocked, id=20312, stack(0x46850000,0x468a0000)]
  0x41ca7c00 JavaThread "Exec Stream Pumper" daemon [_thread_in_native, id=15800, stack(0x46730000,0x46780000)]
  0x41cad400 JavaThread "Exec Stream Pumper" daemon [_thread_in_native, id=19208, stack(0x466a0000,0x466f0000)]
  0x41cae000 JavaThread "Exec Default Executor" daemon [_thread_in_native, id=2180, stack(0x46610000,0x46660000)]
  0x41068000 JavaThread "pool-15-thread-1" [_thread_blocked, id=776, stack(0x46580000,0x465d0000)]
  0x41139800 JavaThread "pool-14-thread-1" [_thread_blocked, id=9380, stack(0x464f0000,0x46540000)]
  0x4113cc00 JavaThread "Thread-9" [_thread_blocked, id=14604, stack(0x44400000,0x44450000)]
  0x41139000 JavaThread "Exec Stream Pumper" daemon [_thread_in_native, id=19052, stack(0x47710000,0x47760000)]
  0x41136000 JavaThread "Exec Stream Pumper" daemon [_thread_in_native, id=21140, stack(0x47680000,0x476d0000)]
  0x41137c00 JavaThread "Exec Default Executor" daemon [_thread_in_native, id=5380, stack(0x46ce0000,0x46d30000)]
  0x4113ac00 JavaThread "pool-13-thread-1" [_thread_blocked, id=18860, stack(0x47c90000,0x47ce0000)]
  0x41136800 JavaThread "pool-12-thread-1" [_thread_blocked, id=15804, stack(0x45110000,0x45160000)]
  0x41135c00 JavaThread "Thread-8" [_thread_blocked, id=14972, stack(0x446d0000,0x44720000)]
  0x4113c000 JavaThread "Exec Stream Pumper" daemon [_thread_in_native, id=8820, stack(0x45230000,0x45280000)]
  0x4113a400 JavaThread "Exec Stream Pumper" daemon [_thread_in_native, id=20016, stack(0x451a0000,0x451f0000)]
  0x4113b800 JavaThread "Exec Default Executor" daemon [_thread_in_native, id=19812, stack(0x45080000,0x450d0000)]
  0x4113c800 JavaThread "pool-11-thread-1" [_thread_blocked, id=13380, stack(0x44ff0000,0x45040000)]
  0x41138800 JavaThread "pool-10-thread-1" [_thread_blocked, id=18196, stack(0x44f60000,0x44fb0000)]
  0x41138400 JavaThread "Thread-7" [_thread_blocked, id=12008, stack(0x44db0000,0x44e00000)]
  0x41137000 JavaThread "Exec Stream Pumper" daemon [_thread_in_native, id=7196, stack(0x44ed0000,0x44f20000)]
  0x41062800 JavaThread "Exec Stream Pumper" daemon [_thread_in_native, id=8852, stack(0x44e40000,0x44e90000)]
  0x41a27800 JavaThread "Exec Default Executor" daemon [_thread_in_native, id=1488, stack(0x44d20000,0x44d70000)]
  0x41a26400 JavaThread "pool-9-thread-1" [_thread_blocked, id=20048, stack(0x44c90000,0x44ce0000)]
  0x41a29800 JavaThread "pool-8-thread-1" [_thread_blocked, id=20604, stack(0x44c00000,0x44c50000)]
  0x41a27000 JavaThread "Thread-6" [_thread_blocked, id=19520, stack(0x44b70000,0x44bc0000)]
  0x41a28400 JavaThread "Exec Stream Pumper" daemon [_thread_in_native, id=1344, stack(0x45490000,0x454e0000)]
  0x41a28c00 JavaThread "Exec Stream Pumper" daemon [_thread_in_native, id=21124, stack(0x45400000,0x45450000)]
  0x41a29400 JavaThread "Exec Default Executor" daemon [_thread_in_native, id=10624, stack(0x44ae0000,0x44b30000)]
  0x417b8000 JavaThread "pool-7-thread-1" [_thread_blocked, id=9792, stack(0x44a50000,0x44aa0000)]
  0x41063000 JavaThread "pool-6-thread-1" [_thread_blocked, id=17480, stack(0x449c0000,0x44a10000)]
  0x41066400 JavaThread "Thread-5" [_thread_blocked, id=12232, stack(0x44880000,0x448d0000)]
  0x41065800 JavaThread "Exec Stream Pumper" daemon [_thread_in_native, id=2348, stack(0x447f0000,0x44840000)]
  0x41065000 JavaThread "Exec Stream Pumper" daemon [_thread_in_native, id=19956, stack(0x44760000,0x447b0000)]
  0x41064400 JavaThread "Exec Default Executor" daemon [_thread_in_native, id=2492, stack(0x44640000,0x44690000)]
  0x41069400 JavaThread "pool-5-thread-1" [_thread_blocked, id=14248, stack(0x445b0000,0x44600000)]
  0x41064800 JavaThread "pool-4-thread-1" [_thread_blocked, id=14080, stack(0x44520000,0x44570000)]
  0x41068c00 JavaThread "Thread-4" [_thread_blocked, id=19516, stack(0x44490000,0x444e0000)]
  0x41062000 JavaThread "pool-3-thread-8" [_thread_blocked, id=3420, stack(0x44370000,0x443c0000)]
  0x41065c00 JavaThread "pool-3-thread-7" [_thread_blocked, id=6036, stack(0x43810000,0x43860000)]
  0x41063c00 JavaThread "pool-3-thread-6" [_thread_blocked, id=13112, stack(0x00bb0000,0x00c00000)]
  0x41063400 JavaThread "pool-3-thread-5" [_thread_blocked, id=976, stack(0x00b00000,0x00b50000)]
  0x41067800 JavaThread "pool-3-thread-4" [_thread_blocked, id=20716, stack(0x00a50000,0x00aa0000)]
  0x41068800 JavaThread "pool-3-thread-3" [_thread_blocked, id=12044, stack(0x44970000,0x449c0000)]
  0x41067400 JavaThread "pool-3-thread-2" [_thread_blocked, id=8924, stack(0x43ce0000,0x43d30000)]
  0x41066c00 JavaThread "pool-3-thread-1" [_thread_blocked, id=17944, stack(0x42630000,0x42680000)]
  0x417b7000 JavaThread "Exec Stream Pumper" daemon [_thread_in_native, id=3136, stack(0x439c0000,0x43a10000)]
  0x417b6c00 JavaThread "Exec Stream Pumper" daemon [_thread_in_native, id=19548, stack(0x43930000,0x43980000)]
  0x417b7800 JavaThread "Exec Default Executor" daemon [_thread_in_native, id=9944, stack(0x43680000,0x436d0000)]
  0x417ae000 JavaThread "pool-2-thread-1" [_thread_blocked, id=7256, stack(0x431b0000,0x43200000)]
  0x417ad800 JavaThread "pool-1-thread-1" [_thread_blocked, id=6120, stack(0x43120000,0x43170000)]
  0x40ab3400 JavaThread "Thread-2" [_thread_blocked, id=13088, stack(0x43090000,0x430e0000)]
  0x41585000 JavaThread "AWT-Windows" daemon [_thread_in_native, id=12364, stack(0x42d20000,0x42d70000)]
  0x41682c00 JavaThread "Java2D Disposer" daemon [_thread_blocked, id=14076, stack(0x42c00000,0x42c50000)]
  0x41330800 JavaThread "com.google.inject.internal.util.$Finalizer" daemon [_thread_blocked, id=17756, stack(0x422a0000,0x422f0000)]
  0x40425800 JavaThread "surefire-forkedjvm-command-thread" daemon [_thread_in_native, id=6396, stack(0x40940000,0x40990000)]
  0x40424000 JavaThread "last-ditch-daemon-shutdown-thread-30sec" daemon [_thread_blocked, id=6976, stack(0x408b0000,0x40900000)]
  0x40389400 JavaThread "Service Thread" daemon [_thread_blocked, id=2128, stack(0x40790000,0x407e0000)]
  0x3fe79c00 JavaThread "C1 CompilerThread3" daemon [_thread_blocked, id=19116, stack(0x40300000,0x40350000)]
  0x3fe90000 JavaThread "C2 CompilerThread2" daemon [_thread_blocked, id=13876, stack(0x40270000,0x402c0000)]
  0x3fe78000 JavaThread "C2 CompilerThread1" daemon [_thread_blocked, id=21436, stack(0x401e0000,0x40230000)]
  0x3fe7bc00 JavaThread "C2 CompilerThread0" daemon [_thread_blocked, id=20920, stack(0x40150000,0x401a0000)]
  0x3fe81800 JavaThread "Attach Listener" daemon [_thread_blocked, id=9668, stack(0x400c0000,0x40110000)]
  0x3fe7e400 JavaThread "Signal Dispatcher" daemon [_thread_blocked, id=10388, stack(0x40030000,0x40080000)]
  0x3fe5ac00 JavaThread "Finalizer" daemon [_thread_blocked, id=8024, stack(0x3fb80000,0x3fbd0000)]
  0x3fe55400 JavaThread "Reference Handler" daemon [_thread_blocked, id=6532, stack(0x3faf0000,0x3fb40000)]
  0x00ccac00 JavaThread "main" [_thread_blocked, id=20032, stack(0x00e10000,0x00e60000)]

Other Threads:
  0x3fce7c00 VMThread [stack: 0x3fa60000,0x3fab0000] [id=18940]
  0x3feeb400 WatcherThread [stack: 0x40820000,0x40870000] [id=21264]

VM state:at safepoint (normal execution)

VM Mutex/Monitor currently owned by a thread:  ([mutex/lock_event])
[0x00cc90b0] Threads_lock - owner thread: 0x3fce7c00
[0x00cc94c0] Heap_lock - owner thread: 0x41ca6c00

OutOfMemory and StackOverflow Exception counts:
OutOfMemoryError java_heap_errors=41

Heap:
 PSYoungGen      total 165632K, used 92416K [0x2eec0000, 0x3d800000, 0x3d800000)
  eden space 92416K, 100% used [0x2eec0000,0x34900000,0x34900000)
  from space 73216K, 0% used [0x39080000,0x39080000,0x3d800000)
  to   space 73216K, 0% used [0x34900000,0x34900000,0x39080000)
 ParOldGen       total 477952K, used 472080K [0x11c00000, 0x2eec0000, 0x2eec0000)
  object space 477952K, 98% used [0x11c00000,0x2e904288,0x2eec0000)
 Metaspace       used 24288K, capacity 24544K, committed 24832K, reserved 24960K

Card table byte_map: [0x3d800000,0x3d960000] byte_map_base: 0x3d772000

Marking Bits: (ParMarkBitMap*) 0x618a5768
 Begin Bits: [0x3dd20000, 0x3e810000)
 End Bits:   [0x3e810000, 0x3f300000)

Polling page: 0x00c30000

CodeCache: size=245760Kb used=18961Kb max_used=18981Kb free=226798Kb
 bounds [0x02760000, 0x03a18000, 0x11760000]
 total_blobs=6639 nmethods=6379 adapters=173
 compilation: enabled

Compilation events (10 events):
Event: 2557.912 Thread 0x3fe79c00 7942   !   3       net.thucydides.core.model.failures.FailureAnalysisConfiguration::typesDefinedIn (108 bytes)
Event: 2557.986 Thread 0x3fe90000 7943       4       net.thucydides.core.model.TestOutcome::getStartTime (12 bytes)
Event: 2558.081 Thread 0x3fe79c00 nmethod 7942 0x03061548 code [0x030618c0, 0x0306349c]
Event: 2558.082 Thread 0x3fe7bc00 7945       4       org.joda.time.convert.ConverterManager::getInstantConverter (71 bytes)
Event: 2558.082 Thread 0x3fe78000 7946       4       org.joda.time.convert.AbstractConverter::getChronology (5 bytes)
Event: 2558.155 Thread 0x3fe79c00 7944       3       net.thucydides.core.steps.BaseStepListener::updateExampleTableIfNecessary (19 bytes)
Event: 2558.155 Thread 0x3fe79c00 nmethod 7944 0x03271b88 code [0x03271ce0, 0x03272050]
Event: 2558.230 Thread 0x3fe7bc00 nmethod 7945 0x033619c8 code [0x03361ae0, 0x03361c9c]
Event: 2558.378 Thread 0x3fe78000 nmethod 7946 0x02f8b588 code [0x02f8b6c0, 0x02f8ba24]
Event: 2558.527 Thread 0x3fe90000 nmethod 7943 0x030026c8 code [0x03002840, 0x03002e50]

GC Heap History (10 events):
Event: 2559.670 GC heap before
{Heap before GC invocations=20724 (full 13061):
 PSYoungGen      total 165632K, used 92416K [0x2eec0000, 0x3d800000, 0x3d800000)
  eden space 92416K, 100% used [0x2eec0000,0x34900000,0x34900000)
  from space 73216K, 0% used [0x39080000,0x39080000,0x3d800000)
  to   space 73216K, 0% used [0x34900000,0x34900000,0x39080000)
 ParOldGen       total 477952K, used 472080K [0x11c00000, 0x2eec0000, 0x2eec0000)
  object space 477952K, 98% used [0x11c00000,0x2e904288,0x2eec0000)
 Metaspace       used 24288K, capacity 24544K, committed 24832K, reserved 24960K
Event: 2559.742 GC heap after
Heap after GC invocations=20724 (full 13061):
 PSYoungGen      total 165632K, used 92400K [0x2eec0000, 0x3d800000, 0x3d800000)
  eden space 92416K, 99% used [0x2eec0000,0x348fc3c0,0x34900000)
  from space 73216K, 0% used [0x39080000,0x39080000,0x3d800000)
  to   space 73216K, 0% used [0x34900000,0x34900000,0x39080000)
 ParOldGen       total 477952K, used 472080K [0x11c00000, 0x2eec0000, 0x2eec0000)
  object space 477952K, 98% used [0x11c00000,0x2e904288,0x2eec0000)
 Metaspace       used 24288K, capacity 24544K, committed 24832K, reserved 24960K
}
Event: 2559.742 GC heap before
{Heap before GC invocations=20725 (full 13062):
 PSYoungGen      total 165632K, used 92416K [0x2eec0000, 0x3d800000, 0x3d800000)
  eden space 92416K, 100% used [0x2eec0000,0x34900000,0x34900000)
  from space 73216K, 0% used [0x39080000,0x39080000,0x3d800000)
  to   space 73216K, 0% used [0x34900000,0x34900000,0x39080000)
 ParOldGen       total 477952K, used 472080K [0x11c00000, 0x2eec0000, 0x2eec0000)
  object space 477952K, 98% used [0x11c00000,0x2e904288,0x2eec0000)
 Metaspace       used 24288K, capacity 24544K, committed 24832K, reserved 24960K
Event: 2559.806 GC heap after
Heap after GC invocations=20725 (full 13062):
 PSYoungGen      total 165632K, used 92403K [0x2eec0000, 0x3d800000, 0x3d800000)
  eden space 92416K, 99% used [0x2eec0000,0x348fced0,0x34900000)
  from space 73216K, 0% used [0x39080000,0x39080000,0x3d800000)
  to   space 73216K, 0% used [0x34900000,0x34900000,0x39080000)
 ParOldGen       total 477952K, used 472080K [0x11c00000, 0x2eec0000, 0x2eec0000)
  object space 477952K, 98% used [0x11c00000,0x2e904288,0x2eec0000)
 Metaspace       used 24288K, capacity 24544K, committed 24832K, reserved 24960K
}
Event: 2559.807 GC heap before
{Heap before GC invocations=20726 (full 13063):
 PSYoungGen      total 165632K, used 92416K [0x2eec0000, 0x3d800000, 0x3d800000)
  eden space 92416K, 100% used [0x2eec0000,0x34900000,0x34900000)
  from space 73216K, 0% used [0x39080000,0x39080000,0x3d800000)
  to   space 73216K, 0% used [0x34900000,0x34900000,0x39080000)
 ParOldGen       total 477952K, used 472080K [0x11c00000, 0x2eec0000, 0x2eec0000)
  object space 477952K, 98% used [0x11c00000,0x2e904288,0x2eec0000)
 Metaspace       used 24288K, capacity 24544K, committed 24832K, reserved 24960K
Event: 2559.875 GC heap after
Heap after GC invocations=20726 (full 13063):
 PSYoungGen      total 165632K, used 92405K [0x2eec0000, 0x3d800000, 0x3d800000)
  eden space 92416K, 99% used [0x2eec0000,0x348fd640,0x34900000)
  from space 73216K, 0% used [0x39080000,0x39080000,0x3d800000)
  to   space 73216K, 0% used [0x34900000,0x34900000,0x39080000)
 ParOldGen       total 477952K, used 472080K [0x11c00000, 0x2eec0000, 0x2eec0000)
  object space 477952K, 98% used [0x11c00000,0x2e904288,0x2eec0000)
 Metaspace       used 24288K, capacity 24544K, committed 24832K, reserved 24960K
}
Event: 2559.876 GC heap before
{Heap before GC invocations=20727 (full 13064):
 PSYoungGen      total 165632K, used 92416K [0x2eec0000, 0x3d800000, 0x3d800000)
  eden space 92416K, 100% used [0x2eec0000,0x34900000,0x34900000)
  from space 73216K, 0% used [0x39080000,0x39080000,0x3d800000)
  to   space 73216K, 0% used [0x34900000,0x34900000,0x39080000)
 ParOldGen       total 477952K, used 472080K [0x11c00000, 0x2eec0000, 0x2eec0000)
  object space 477952K, 98% used [0x11c00000,0x2e904288,0x2eec0000)
 Metaspace       used 24288K, capacity 24544K, committed 24832K, reserved 24960K
Event: 2559.949 GC heap after
Heap after GC invocations=20727 (full 13064):
 PSYoungGen      total 165632K, used 92405K [0x2eec0000, 0x3d800000, 0x3d800000)
  eden space 92416K, 99% used [0x2eec0000,0x348fd748,0x34900000)
  from space 73216K, 0% used [0x39080000,0x39080000,0x3d800000)
  to   space 73216K, 0% used [0x34900000,0x34900000,0x39080000)
 ParOldGen       total 477952K, used 472080K [0x11c00000, 0x2eec0000, 0x2eec0000)
  object space 477952K, 98% used [0x11c00000,0x2e904288,0x2eec0000)
 Metaspace       used 24288K, capacity 24544K, committed 24832K, reserved 24960K
}
Event: 2559.949 GC heap before
{Heap before GC invocations=20728 (full 13065):
 PSYoungGen      total 165632K, used 92416K [0x2eec0000, 0x3d800000, 0x3d800000)
  eden space 92416K, 100% used [0x2eec0000,0x34900000,0x34900000)
  from space 73216K, 0% used [0x39080000,0x39080000,0x3d800000)
  to   space 73216K, 0% used [0x34900000,0x34900000,0x39080000)
 ParOldGen       total 477952K, used 472080K [0x11c00000, 0x2eec0000, 0x2eec0000)
  object space 477952K, 98% used [0x11c00000,0x2e904288,0x2eec0000)
 Metaspace       used 24288K, capacity 24544K, committed 24832K, reserved 24960K
Event: 2560.016 GC heap after
Heap after GC invocations=20728 (full 13065):
 PSYoungGen      total 165632K, used 92405K [0x2eec0000, 0x3d800000, 0x3d800000)
  eden space 92416K, 99% used [0x2eec0000,0x348fd4d8,0x34900000)
  from space 73216K, 0% used [0x39080000,0x39080000,0x3d800000)
  to   space 73216K, 0% used [0x34900000,0x34900000,0x39080000)
 ParOldGen       total 477952K, used 472080K [0x11c00000, 0x2eec0000, 0x2eec0000)
  object space 477952K, 98% used [0x11c00000,0x2e904288,0x2eec0000)
 Metaspace       used 24288K, capacity 24544K, committed 24832K, reserved 24960K
}

Deoptimization events (10 events):
Event: 2449.805 Thread 0x41062000 Uncommon trap: reason=unstable_if action=reinterpret pc=0x0399d920 method=freemarker.template.DefaultObjectWrapper.wrap(Ljava/lang/Object;)Lfreemarker/template/TemplateModel; @ 149
Event: 2542.142 Thread 0x4157cc00 Uncommon trap: reason=unstable_if action=reinterpret pc=0x02d3d330 method=sun.awt.AWTAutoShutdown.run()V @ 51
Event: 2542.142 Thread 0x4157cc00 Uncommon trap: reason=class_check action=maybe_recompile pc=0x02fef564 method=java.util.Collections$SynchronizedCollection.iterator()Ljava/util/Iterator; @ 4
Event: 2542.835 Thread 0x41063400 Uncommon trap: reason=unloaded action=reinterpret pc=0x037fd0d0 method=com.thoughtworks.xstream.XStream.registerConverterDynamically(Ljava/lang/String;I[Ljava/lang/Class;[Ljava/lang/Object;)V @ 75
Event: 2543.398 Thread 0x41585000 Uncommon trap: reason=unstable_if action=reinterpret pc=0x030199dc method=sun.awt.AWTAutoShutdown.setToolkitBusy(Z)V @ 38
Event: 2544.572 Thread 0x455e5800 Uncommon trap: reason=class_check action=maybe_recompile pc=0x02fef564 method=java.util.Collections$SynchronizedCollection.iterator()Ljava/util/Iterator; @ 4
Event: 2545.309 Thread 0x41585000 Uncommon trap: reason=unstable_if action=reinterpret pc=0x02f957a8 method=sun.awt.AWTAutoShutdown.setToolkitBusy(Z)V @ 38
Event: 2557.181 Thread 0x405f1400 Uncommon trap: reason=unstable_if action=reinterpret pc=0x02a793b8 method=java.util.concurrent.ThreadPoolExecutor$Worker.tryAcquire(I)Z @ 6
Event: 2557.182 Thread 0x405f1400 Uncommon trap: reason=null_check action=maybe_recompile pc=0x02fb18b0 method=org.monte.screenrecorder.ScreenRecorder.access$800(Lorg/monte/screenrecorder/ScreenRecorder;Ljava/lang/String;)V @ 2
Event: 2557.398 Thread 0x405f1400 Uncommon trap: reason=unstable_if action=reinterpret pc=0x0382b7b0 method=java.util.concurrent.ThreadPoolExecutor.getTask()Ljava/lang/Runnable; @ 16

Classes redefined (0 events):
No events

Internal exceptions (10 events):
Event: 2550.041 Thread 0x41066c00 Exception <a 'java/lang/reflect/InvocationTargetException'> (0x348fa610) thrown at [C:\wsjdk\Corretto8Src\installers\windows\zip\corretto-build\buildRoot\src\hotspot\src\share\vm\runtime\reflection.cpp, line 1092]
Event: 2550.338 Thread 0x41063400 Exception <a 'java/lang/OutOfMemoryError'> (0x12e3ce58) thrown at [C:\wsjdk\Corretto8Src\installers\windows\zip\corretto-build\buildRoot\src\hotspot\src\share\vm\gc_interface/collectedHeap.inline.hpp, line 179]
Event: 2554.952 Thread 0x41a29800 Exception <a 'java/lang/OutOfMemoryError'> (0x12e3ce58) thrown at [C:\wsjdk\Corretto8Src\installers\windows\zip\corretto-build\buildRoot\src\hotspot\src\share\vm\gc_interface/collectedHeap.inline.hpp, line 179]
Event: 2555.651 Thread 0x455df400 Exception <a 'java/lang/OutOfMemoryError'> (0x12e3cdd8) thrown at [C:\wsjdk\Corretto8Src\installers\windows\zip\corretto-build\buildRoot\src\hotspot\src\share\vm\gc_interface/collectedHeap.inline.hpp, line 168]
Event: 2556.736 Thread 0x4043b400 Exception <a 'java/lang/OutOfMemoryError'> (0x12e3ce58) thrown at [C:\wsjdk\Corretto8Src\installers\windows\zip\corretto-build\buildRoot\src\hotspot\src\share\vm\gc_interface/collectedHeap.inline.hpp, line 179]
Event: 2557.105 Thread 0x405f1400 Exception <a 'java/lang/OutOfMemoryError'> (0x12e3ce58) thrown at [C:\wsjdk\Corretto8Src\installers\windows\zip\corretto-build\buildRoot\src\hotspot\src\share\vm\gc_interface/collectedHeap.inline.hpp, line 179]
Event: 2559.670 Thread 0x41068800 Exception <a 'java/lang/OutOfMemoryError'> (0x12e3ce58) thrown at [C:\wsjdk\Corretto8Src\installers\windows\zip\corretto-build\buildRoot\src\hotspot\src\share\vm\gc_interface/collectedHeap.inline.hpp, line 179]
Event: 2559.949 Thread 0x41068800 Exception <a 'java/lang/OutOfMemoryError'> (0x12e3ce58) thrown at [C:\wsjdk\Corretto8Src\installers\windows\zip\corretto-build\buildRoot\src\hotspot\src\share\vm\prims\jvm.cpp, line 1528]
Event: 2559.949 Thread 0x41068800 Exception <a 'java/lang/OutOfMemoryError'> (0x12e3ce58) thrown at [C:\wsjdk\Corretto8Src\installers\windows\zip\corretto-build\buildRoot\src\hotspot\src\share\vm\prims\jvm.cpp, line 1528]
Event: 2560.016 Thread 0x41cab800 Exception <a 'java/lang/OutOfMemoryError'> (0x12e3ce58) thrown at [C:\wsjdk\Corretto8Src\installers\windows\zip\corretto-build\buildRoot\src\hotspot\src\share\vm\gc_interface/collectedHeap.inline.hpp, line 179]

Events (10 events):
Event: 2559.670 Executing VM operation: ParallelGCFailedAllocation
Event: 2559.742 Executing VM operation: ParallelGCFailedAllocation done
Event: 2559.742 Executing VM operation: ParallelGCFailedAllocation
Event: 2559.806 Executing VM operation: ParallelGCFailedAllocation done
Event: 2559.806 Executing VM operation: ParallelGCFailedAllocation
Event: 2559.875 Executing VM operation: ParallelGCFailedAllocation done
Event: 2559.875 Executing VM operation: ParallelGCFailedAllocation
Event: 2559.949 Executing VM operation: ParallelGCFailedAllocation done
Event: 2559.949 Executing VM operation: ParallelGCFailedAllocation
Event: 2560.016 Executing VM operation: ParallelGCFailedAllocation done


Dynamic libraries:
0x00f80000 - 0x00fb5000 	C:\temp\jdk1.8.0_332\jre\bin\java.exe
0x77450000 - 0x775f4000 	C:\WINDOWS\SYSTEM32\ntdll.dll
0x77220000 - 0x77310000 	C:\WINDOWS\System32\KERNEL32.DLL
0x75c90000 - 0x75eac000 	C:\WINDOWS\System32\KERNELBASE.dll
0x6e6e0000 - 0x6e780000 	C:\WINDOWS\SYSTEM32\apphelp.dll
0x76a80000 - 0x76afb000 	C:\WINDOWS\System32\ADVAPI32.dll
0x76f40000 - 0x76fff000 	C:\WINDOWS\System32\msvcrt.dll
0x770f0000 - 0x77166000 	C:\WINDOWS\System32\sechost.dll
0x75810000 - 0x758ce000 	C:\WINDOWS\System32\RPCRT4.dll
0x75550000 - 0x756ed000 	C:\WINDOWS\System32\USER32.dll
0x75eb0000 - 0x75ec8000 	C:\WINDOWS\System32\win32u.dll
0x757e0000 - 0x75803000 	C:\WINDOWS\System32\GDI32.dll
0x758d0000 - 0x759b0000 	C:\WINDOWS\System32\gdi32full.dll
0x77310000 - 0x7738b000 	C:\WINDOWS\System32\msvcp_win.dll
0x75330000 - 0x75450000 	C:\WINDOWS\System32\ucrtbase.dll
0x6da70000 - 0x6dc80000 	C:\WINDOWS\WinSxS\x86_microsoft.windows.common-controls_6595b64144ccf1df_6.0.19041.1110_none_a8625c1886757984\COMCTL32.dll
0x770c0000 - 0x770e5000 	C:\WINDOWS\System32\IMM32.DLL
0x61910000 - 0x619fe000 	C:\temp\jdk1.8.0_332\jre\bin\msvcr120.dll
0x61c10000 - 0x61c81000 	C:\temp\jdk1.8.0_332\jre\bin\msvcp120.dll
0x612f0000 - 0x6190f000 	C:\temp\jdk1.8.0_332\jre\bin\server\jvm.dll
0x75320000 - 0x75326000 	C:\WINDOWS\System32\PSAPI.DLL
0x750f0000 - 0x750f8000 	C:\WINDOWS\SYSTEM32\WSOCK32.dll
0x72ab0000 - 0x72ad8000 	C:\WINDOWS\SYSTEM32\WINMM.dll
0x74f40000 - 0x74f48000 	C:\WINDOWS\SYSTEM32\VERSION.dll
0x76590000 - 0x765f3000 	C:\WINDOWS\System32\WS2_32.dll
0x6e5b0000 - 0x6e5bd000 	C:\temp\jdk1.8.0_332\jre\bin\verify.dll
0x6d860000 - 0x6d884000 	C:\temp\jdk1.8.0_332\jre\bin\java.dll
0x6e3d0000 - 0x6e3e4000 	C:\temp\jdk1.8.0_332\jre\bin\zip.dll
0x75f70000 - 0x76525000 	C:\WINDOWS\System32\SHELL32.dll
0x71040000 - 0x7164a000 	C:\WINDOWS\SYSTEM32\windows.storage.dll
0x76600000 - 0x76880000 	C:\WINDOWS\System32\combase.dll
0x70f80000 - 0x70fa7000 	C:\WINDOWS\SYSTEM32\Wldp.dll
0x76890000 - 0x76917000 	C:\WINDOWS\System32\SHCORE.dll
0x77170000 - 0x771b5000 	C:\WINDOWS\System32\shlwapi.dll
0x70300000 - 0x70318000 	C:\WINDOWS\SYSTEM32\profapi.dll
0x6d730000 - 0x6d746000 	C:\temp\jdk1.8.0_332\jre\bin\net.dll
0x700a0000 - 0x700f2000 	C:\WINDOWS\system32\mswsock.dll
0x6d850000 - 0x6d85f000 	C:\temp\jdk1.8.0_332\jre\bin\nio.dll
0x611a0000 - 0x612e9000 	C:\temp\jdk1.8.0_332\jre\bin\awt.dll
0x75ed0000 - 0x75f66000 	C:\WINDOWS\System32\OLEAUT32.dll
0x6e300000 - 0x6e374000 	C:\WINDOWS\system32\uxtheme.dll
0x75b20000 - 0x75bf4000 	C:\WINDOWS\System32\MSCTF.dll
0x756f0000 - 0x757d3000 	C:\WINDOWS\System32\ole32.dll
0x74f50000 - 0x74f5f000 	C:\WINDOWS\SYSTEM32\kernel.appcore.dll
0x77060000 - 0x770bf000 	C:\WINDOWS\System32\bcryptPrimitives.dll
0x6e290000 - 0x6e2b6000 	C:\WINDOWS\system32\DWMAPI.DLL
0x67120000 - 0x67224000 	C:\WINDOWS\system32\opengl32.dll
0x670e0000 - 0x6711f000 	C:\WINDOWS\SYSTEM32\GLU32.dll
0x72ec0000 - 0x72f50000 	C:\WINDOWS\SYSTEM32\DNSAPI.dll
0x72e80000 - 0x72eb2000 	C:\WINDOWS\SYSTEM32\IPHLPAPI.DLL
0x75310000 - 0x75317000 	C:\WINDOWS\System32\NSI.dll
0x70340000 - 0x70348000 	C:\Windows\System32\rasadhlp.dll
0x6ff70000 - 0x6ffc9000 	C:\WINDOWS\System32\fwpuclnt.dll
0x77200000 - 0x77219000 	C:\WINDOWS\System32\bcrypt.dll
0x6d690000 - 0x6d6b3000 	C:\temp\jdk1.8.0_332\jre\bin\sunec.dll
0x70430000 - 0x70443000 	C:\WINDOWS\SYSTEM32\CRYPTSP.dll
0x70400000 - 0x7042f000 	C:\WINDOWS\system32\rsaenh.dll
0x737e0000 - 0x73805000 	C:\WINDOWS\SYSTEM32\USERENV.dll
0x72a70000 - 0x72a7a000 	C:\WINDOWS\SYSTEM32\CRYPTBASE.dll
0x70390000 - 0x703a4000 	C:\WINDOWS\SYSTEM32\dhcpcsvc6.DLL
0x70370000 - 0x70386000 	C:\WINDOWS\SYSTEM32\dhcpcsvc.DLL
0x67a10000 - 0x67b98000 	C:\WINDOWS\SYSTEM32\dbghelp.dll

VM Arguments:
java_command: C:\temp\apache-maven-3.6.0\bin\target\surefire\surefirebooter8751874492916870981.jar C:\temp\apache-maven-3.6.0\bin\target\surefire\surefire4017231108434294661tmp C:\temp\apache-maven-3.6.0\bin\target\surefire\surefire_08008131763420878257tmp
java_class_path (initial): C:\temp\apache-maven-3.6.0\bin\target\surefire\surefirebooter8751874492916870981.jar
Launcher Type: SUN_STANDARD

Environment Variables:
JAVA_HOME=C:\temp\jdk1.8.0_332
PATH=C:\Program Files (x86)\Common Files\Oracle\Java\javapath;C:\Oracle\product\12.2.0\client_1\bin;C:\WINDOWS\system32;C:\WINDOWS;C:\WINDOWS\System32\Wbem;C:\WINDOWS\System32\WindowsPowerShell\v1.0\;C:\WINDOWS\System32\OpenSSH\;C:\ProgramData\chocolatey\bin;C:\Users\mel.azure.build\AppData\Local\Microsoft\WindowsApps;
USERNAME=mel.azure.build
OS=Windows_NT
PROCESSOR_IDENTIFIER=AMD64 Family 23 Model 49 Stepping 0, AuthenticAMD



---------------  S Y S T E M  ---------------

OS: Windows 10.0 , 64 bit Build 19041 (10.0.19041.1889)

CPU:total 8 (initial active 8) (8 cores per cpu, 1 threads per core) family 23 model 49 stepping 0, cmov, cx8, fxsr, mmx, sse, sse2, sse3, ssse3, sse4.1, sse4.2, popcnt, avx, avx2, aes, clmul, mmxext, 3dnowpref, lzcnt, sse4a, tsc, bmi1

Memory: 4k page, physical 67108324k(53165836k free), swap 77069796k(61993752k free)

vm_info: OpenJDK Server VM (25.332-b08) for windows-x86 JRE (1.8.0_332-b08), built on Apr 16 2022 08:25:26 by "Administrator" with MS VC++ 12.0 (VS2013)

time: Wed Nov 09 13:32:59 2022
timezone: E. Australia Standard Time
elapsed time: 2560.064260 seconds (0d 0h 42m 40s)

